#
# There is insufficient memory for the Java Runtime Environment to continue.
# Native memory allocation (mmap) failed to map 65536 bytes for Failed to commit metaspace.
# Possible reasons:
#   The system is out of physical RAM or swap space
#   The process is running with CompressedOops enabled, and the Java Heap may be blocking the growth of the native heap
# Possible solutions:
#   Reduce memory load on the system
#   Increase physical memory or swap space
#   Check if swap backing store is full
#   Decrease Java heap size (-Xmx/-Xms)
#   Decrease number of Java threads
#   Decrease Java thread stack sizes (-Xss)
#   Set larger code cache with -XX:ReservedCodeCacheSize=
#   JVM is running with Unscaled Compressed Oops mode in which the Java heap is
#     placed in the first 4GB address space. The Java Heap base address is the
#     maximum limit for the native heap growth. Please use -XX:HeapBaseMinAddress
#     to set the Java Heap base and to place the Java Heap above 4GB virtual address.
# This output file may be truncated or incomplete.
#
#  Out of Memory Error (virtualSpaceNode.cpp:110), pid=12252, tid=10976
#
# JRE version: Java(TM) SE Runtime Environment (18.0.1.1+2) (build 18.0.1.1+2-6)
# Java VM: Java HotSpot(TM) 64-Bit Server VM (18.0.1.1+2-6, mixed mode, sharing, tiered, compressed oops, compressed class ptrs, g1 gc, windows-amd64)
# No core dump will be written. Minidumps are not enabled by default on client versions of Windows
#

---------------  S U M M A R Y ------------

Command Line: --module-path=C:\Program Files\Java\javafx-sdk-18.0.1\lib --add-modules=javafx.controls,javafx.fxml -Dfile.encoding=UTF-8 -XX:+ShowCodeDetailsInExceptionMessages application.Tache

Host: Intel(R) Core(TM) i5-6300U CPU @ 2.40GHz, 4 cores, 7G,  Windows 10 , 64 bit Build 19041 (10.0.19041.1706)
Time: Tue Jun 21 18:04:59 2022 Paris, Madrid (heure duild 19041 (10.0.19041.1706) elapsed time: 0.866503 seconds (0d 0h 0m 0s)

---------------  T H R E A D  ---------------

Current thread (0x000002815947e810):  JavaThread "main" [_thread_in_vm, id=10976, stack(0x000000d1f8c00000,0x000000d1f8d00000)]

Stack: [0x000000d1f8c00000,0x000000d1f8d00000]
Native frames: (J=compiled Java code, j=interpreted, Vv=VM code, C=native code)
V  [jvm.dll+0x69887a]
V  [jvm.dll+0x7f38bd]
V  [jvm.dll+0x7f51ce]
V  [jvm.dll+0x7f5883]
V  [jvm.dll+0x25ca3f]
V  [jvm.dll+0x7ef5cb]
V  [jvm.dll+0x63ea76]
V  [jvm.dll+0x63eada]
V  [jvm.dll+0x64135e]
V  [jvm.dll+0x64121e]
V  [jvm.dll+0x63f43e]
V  [jvm.dll+0x2524a0]
V  [jvm.dll+0x202d5d]
V  [jvm.dll+0x1f8781]
V  [jvm.dll+0x55d685]
V  [jvm.dll+0x209637]
V  [jvm.dll+0x76cf6d]
V  [jvm.dll+0x76e2a6]
V  [jvm.dll+0x76e5d8]
V  [jvm.dll+0x254d46]
V  [jvm.dll+0x254f8f]
V  [jvm.dll+0x57c093]
V  [jvm.dll+0x57e4d4]
V  [jvm.dll+0x3a430e]
V  [jvm.dll+0x3a3dd2]
C  0x0000028160dd8a88

Java frames: (J=compiled Java code, j=interpreted, Vv=VM code)
j  sun.security.util.SecurityProviderConstants.<clinit>()V+492 java.base@18.0.1.1
v  ~StubRoutines::call_stub
j  sun.security.provider.SunEntries.addWithAlias(Ljava/security/Provider;Ljava/lang/String;Ljava/lang/String;Ljava/lang/String;Ljava/util/HashMap;)V+14 java.base@18.0.1.1
j  sun.security.provider.SunEntries.<init>(Ljava/security/Provider;)V+166 java.base@18.0.1.1
j  sun.security.provider.Sun.<init>()V+18 java.base@18.0.1.1
j  sun.security.jca.ProviderConfig.getProvider()Ljava/security/Provider;+67 java.base@18.0.1.1
j  sun.security.jca.ProviderList.getProvider(I)Ljava/security/Provider;+6 java.base@18.0.1.1
j  sun.security.jca.ProviderList$3.get(I)Ljava/security/Provider;+5 java.base@18.0.1.1
j  sun.security.jca.ProviderList$3.get(I)Ljava/lang/Object;+2 java.base@18.0.1.1
j  java.util.AbstractList$Itr.next()Ljava/lang/Object;+14 java.base@18.0.1.1
j  java.security.SecureRandom.getDefaultPRNG(Z[B)V+30 java.base@18.0.1.1
j  java.security.SecureRandom.<init>()V+23 java.base@18.0.1.1
j  org.postgresql.shaded.com.ongres.scram.client.ScramClient$Builder.<init>(Lorg/postgresql/shaded/com/ongres/scram/client/ScramClient$ChannelBinding;Lorg/postgresql/shaded/com/ongres/scram/common/stringprep/StringPreparation;Lorg/postgresql/shaded/com/ongres/scram/common/ScramMechanism;Lorg/postgresql/shaded/com/ongres/scram/common/ScramMechanism;)V+12
j  org.postgresql.shaded.com.ongres.scram.client.ScramClient$Builder.<init>(Lorg/postgresql/shaded/com/ongres/scram/client/ScramClient$ChannelBinding;Lorg/postgresql/shaded/com/ongres/scram/common/stringprep/StringPreparation;Lorg/postgresql/shaded/com/ongres/scram/common/ScramMechanism;Lorg/postgresql/shaded/com/ongres/scram/common/ScramMechanism;Lorg/postgresql/shaded/com/ongres/scram/client/ScramClient$1;)V+6
j  org.postgresql.shaded.com.ongres.scram.client.ScramClient$PreBuilder2.selectMechanismBasedOnServerAdvertised([Ljava/lang/String;)Lorg/postgresql/shaded/com/ongres/scram/client/ScramClient$Builder;+141
j  org.postgresql.jre7.sasl.ScramAuthenticator.processServerMechanismsAndInit()V+113
j  org.postgresql.core.v3.ConnectionFactoryImpl.doAuthentication(Lorg/postgresql/core/PGStream;Ljava/lang/String;Ljava/lang/String;Ljava/util/Properties;)V+696
j  org.postgresql.core.v3.ConnectionFactoryImpl.tryConnect(Ljava/util/Properties;Ljavax/net/SocketFactory;Lorg/postgresql/util/HostSpec;Lorg/postgresql/jdbc/SslMode;Lorg/postgresql/jdbc/GSSEncMode;)Lorg/postgresql/core/PGStream;+412
j  org.postgresql.core.v3.ConnectionFactoryImpl.openConnectionImpl([Lorg/postgresql/util/HostSpec;Ljava/util/Properties;)Lorg/postgresql/core/QueryExecutor;+233
j  org.postgresql.core.ConnectionFactory.openConnection([Lorg/postgresql/util/HostSpec;Ljava/util/Properties;)Lorg/postgresql/core/QueryExecutor;+39
j  org.postgresql.jdbc.PgConnection.<init>([Lorg/postgresql/util/HostSpec;Ljava/util/Properties;Ljava/lang/String;)V+113
j  org.postgresql.Driver.makeConnection(Ljava/lang/String;Ljava/util/Properties;)Ljava/sql/Connection;+10
j  org.postgresql.Driver.connect(Ljava/lang/String;Ljava/util/Properties;)Ljava/sql/Connection;+235
j  java.sql.DriverManager.getConnection(Ljava/lang/String;Ljava/util/Properties;Ljava/lang/Class;)Ljava/sql/Connection;+133 java.sql@18.0.1.1
j  java.sql.DriverManager.getConnection(Ljava/lang/String;Ljava/lang/String;Ljava/lang/String;)Ljava/sql/Connection;+37 java.sql@18.0.1.1
j  connexion.Connexion.getConnect()Ljava/sql/Connection;+15
j  dao.implement_dao_task.<init>()V+5
j  application.Tache.main([Ljava/lang/String;)V+4
j  java.lang.invoke.LambdaForm$DMH+0x0000000800c04400.invokeStatic(Ljava/lang/Object;Ljava/lang/Object;)V+10 java.base@18.0.1.1
j  java.lang.invoke.LambdaForm$MH+0x0000000800c81400.invoke(Ljava/lang/Object;Ljava/lang/Object;Ljava/lang/Object;)Ljava/lang/Object;+33 java.base@18.0.1.1
j  java.lang.invoke.Invokers$Holder.invokeExact_MT(Ljava/lang/Object;Ljava/lang/Object;Ljava/lang/Object;Ljava/lang/Object;)Ljava/lang/Object;+20 java.base@18.0.1.1
j  jdk.internal.reflect.DirectMethodHandleAccessor.invokeImpl(Ljava/lang/Object;[Ljava/lang/Object;)Ljava/lang/Object;+55 java.base@18.0.1.1
j  jdk.internal.reflect.DirectMethodHandleAccessor.invoke(Ljava/lang/Object;[Ljava/lang/Object;)Ljava/lang/Object;+23 java.base@18.0.1.1
j  java.lang.reflect.Method.invoke(Ljava/lang/Object;[Ljava/lang/Object;)Ljava/lang/Object;+102 java.base@18.0.1.1
j  com.sun.javafx.application.LauncherImpl.launchApplicationWithArgs(Lcom/sun/javafx/application/ModuleAccess;Ljava/lang/String;Ljava/lang/String;[Ljava/lang/String;)V+150 javafx.graphics@18.0.1
j  com.sun.javafx.application.LauncherImpl.launchApplication(Ljava/lang/String;Ljava/lang/String;[Ljava/lang/String;)V+483 javafx.graphics@18.0.1
j  java.lang.invoke.LambdaForm$DMH+0x0000000800c02400.invokeStatic(Ljava/lang/Object;Ljava/lang/Object;Ljava/lang/Object;Ljava/lang/Object;)V+14 java.base@18.0.1.1
j  java.lang.invoke.LambdaForm$MH+0x0000000800c03c00.invoke(Ljava/lang/Object;Ljava/lang/Object;Ljava/lang/Object;Ljava/lang/Object;Ljava/lang/Object;)Ljava/lang/Object;+68 java.base@18.0.1.1
j  java.lang.invoke.LambdaForm$MH+0x0000000800c04000.invokeExact_MT(Ljava/lang/Object;Ljava/lang/Object;Ljava/lang/Object;Ljava/lang/Object;Ljava/lang/Object;Ljava/lang/Object;)Ljava/lang/Object;+24 java.base@18.0.1.1
j  jdk.internal.reflect.DirectMethodHandleAccessor.invokeImpl(Ljava/lang/Object;[Ljava/lang/Object;)Ljava/lang/Object;+92 java.base@18.0.1.1
j  jdk.internal.reflect.DirectMethodHandleAccessor.invoke(Ljava/lang/Object;[Ljava/lang/Object;)Ljava/lang/Object;+23 java.base@18.0.1.1
j  java.lang.reflect.Method.invoke(Ljava/lang/Object;[Ljava/lang/Object;)Ljava/lang/Object;+102 java.base@18.0.1.1
j  sun.launcher.LauncherHelper$FXHelper.main([Ljava/lang/String;)V+52 java.base@18.0.1.1
v  ~StubRoutines::call_stub

---------------  P R O C E S S  ---------------

Threads class SMR info:
_java_thread_list=0x000002817b972080, length=17, elements={
0x000002815947e810, 0x00000281765c0eb0, 0x00000281765c2440, 0x00000281765db0e0,
0x00000281765db990, 0x00000281765dcb20, 0x00000281765e13e0, 0x00000281765e5600,
0x00000281765ef950, 0x0000028176602230, 0x000002817a84a990, 0x000002817a9afd40,
0x000002817ae3f9d0, 0x000002817b1e7470, 0x000002817b117120, 0x000002817abd06a0,
0x000002817bbaea60
}

Java Threads: ( => current thread )
=>0x000002815947e810 JavaThread "main" [_thread_in_vm, id=10976, stack(0x000000d1f8c00000,0x000000d1f8d00000)]
  0x00000281765c0eb0 JavaThread "Reference Handler" daemon [_thread_blocked, id=10456, stack(0x000000d1f9300000,0x000000d1f9400000)]
  0x00000281765c2440 JavaThread "Finalizer" daemon [_thread_blocked, id=9668, stack(0x000000d1f9400000,0x000000d1f9500000)]
  0x00000281765db0e0 JavaThread "Signal Dispatcher" daemon [_thread_blocked, id=1604, stack(0x000000d1f9500000,0x000000d1f9600000)]
  0x00000281765db990 JavaThread "Attach Listener" daemon [_thread_blocked, id=28536, stack(0x000000d1f9600000,0x000000d1f9700000)]
  0x00000281765dcb20 JavaThread "Service Thread" daemon [_thread_blocked, id=18368, stack(0x000000d1f9700000,0x000000d1f9800000)]
  0x00000281765e13e0 JavaThread "Monitor Deflation Thread" daemon [_thread_blocked, id=24800, stack(0x000000d1f9800000,0x000000d1f9900000)]
  0x00000281765e5600 JavaThread "C2 CompilerThread0" daemon [_thread_blocked, id=19504, stack(0x000000d1f9900000,0x000000d1f9a00000)]
  0x00000281765ef950 JavaThread "C1 CompilerThread0" daemon [_thread_blocked, id=23848, stack(0x000000d1f9a00000,0x000000d1f9b00000)]
  0x0000028176602230 JavaThread "Sweeper thread" daemon [_thread_blocked, id=2640, stack(0x000000d1f9b00000,0x000000d1f9c00000)]
  0x000002817a84a990 JavaThread "Common-Cleaner" daemon [_thread_blocked, id=15620, stack(0x000000d1f9c00000,0x000000d1f9d00000)]
  0x000002817a9afd40 JavaThread "C2 CompilerThread1" daemon [_thread_blocked, id=12364, stack(0x000000d1f9d00000,0x000000d1f9e00000)]
  0x000002817ae3f9d0 JavaThread "Notification Thread" daemon [_thread_blocked, id=15404, stack(0x000000d1f9e00000,0x000000d1f9f00000)]
  0x000002817b1e7470 JavaThread "QuantumRenderer-0" daemon [_thread_blocked, id=21284, stack(0x000000d1fa000000,0x000000d1fa100000)]
  0x000002817b117120 JavaThread "InvokeLaterDispatcher" daemon [_thread_blocked, id=12308, stack(0x000000d1fa100000,0x000000d1fa200000)]
  0x000002817abd06a0 JavaThread "JavaFX Application Thread" [_thread_in_native, id=7188, stack(0x000000d1fa200000,0x000000d1fa300000)]
  0x000002817bbaea60 JavaThread "Thread-1" daemon [_thread_in_native, id=17548, stack(0x000000d1fa900000,0x000000d1faa00000)]

Other Threads:
  0x000002815954e760 VMThread "VM Thread" [stack: 0x000000d1f9200000,0x000000d1f9300000] [id=25708]
  0x000002817ab71c50 WatcherThread "VM Periodic Task Thread" [stack: 0x000000d1f9f00000,0x000000d1fa000000] [id=22764]
  0x00000281594d7e90 WorkerThread "GC Thread#0" [stack: 0x000000d1f8d00000,0x000000d1f8e00000] [id=12764]
  0x000002817b979300 WorkerThread "GC Thread#1" [stack: 0x000000d1fa600000,0x000000d1fa700000] [id=28064]
  0x000002817b9795a0 WorkerThread "GC Thread#2" [stack: 0x000000d1fa700000,0x000000d1fa800000] [id=14604]
  0x000002817b979840 WorkerThread "GC Thread#3" [stack: 0x000000d1fa800000,0x000000d1fa900000] [id=14352]
  0x00000281594e7830 ConcurrentGCThread "G1 Main Marker" [stack: 0x000000d1f8e00000,0x000000d1f8f00000] [id=6236]
  0x00000281594e9140 WorkerThread "G1 Conc#0" [stack: 0x000000d1f8f00000,0x000000d1f9000000] [id=21036]
  0x00000281595246f0 ConcurrentGCThread "G1 Refine#0" [stack: 0x000000d1f9000000,0x000000d1f9100000] [id=8092]
  0x0000028159524f10 ConcurrentGCThread "G1 Service" [stack: 0x000000d1f9100000,0x000000d1f9200000] [id=17052]

Threads with active compile tasks:

VM state: not at safepoint (normal execution)

VM Mutex/Monitor currently owned by a thread:  ([mutex/lock_event])
[0x00000281573be030] Metaspace_lock - owner thread: 0x000002815947e810

Heap address: 0x000000008e200000, size: 1822 MB, Compressed Oops mode: 32-bit

CDS archive(s) mapped at: [0x0000000800000000-0x0000000800ba0000-0x0000000800ba0000), size 12189696, SharedBaseAddress: 0x0000000800000000, ArchiveRelocationMode: 0.
Compressed class space mapped at: 0x0000000800c00000-0x0000000840c00000, reserved size: 1073741824
Narrow klass base: 0x0000000800000000, Narrow klass shift: 0, Narrow klass range: 0x100000000

GC Precious Log:
 CardTable entry size: 512
 Card Set container configuration: InlinePtr #cards 5 size 8 Array Of Cards #cards 12 size 40 Howl #buckets 4 coarsen threshold 1843 Howl Bitmap #cards 512 size 80 coarsen threshold 460 Card regions per heap region 1 cards per card region 2048
 CPUs: 4 total, 4 available
 Memory: 7280M
 Large Page Support: Disabled
 NUMA Support: Disabled
 Compressed Oops: Enabled (32-bit)
 Heap Region Size: 1M
 Heap Min Capacity: 8M
 Heap Initial Capacity: 114M
 Heap Max Capacity: 1822M
 Pre-touch: Disabled
 Parallel Workers: 4
 Concurrent Workers: 1
 Concurrent Refinement Workers: 4
 Periodic GC: Disabled

Heap:
 garbage-first heap   total 116736K, used 7018K [0x000000008e200000, 0x0000000100000000)
  region size 1024K, 8 young (8192K), 2 survivors (2048K)
 Metaspace       used 4909K, committed 5120K, reserved 1114112K
  class space    used 532K, committed 640K, reserved 1048576K

Heap Regions: E=young(eden), S=young(survivor), O=old, HS=humongous(starts), HC=humongous(continues), CS=collection set, F=free, OA=open archive, CA=closed archive, TAMS=top-at-mark-start (previous, next)
|   0|0x000000008e200000, 0x000000008e200000, 0x000000008e300000|  0%| F|  |TAMS 0x000000008e200000, 0x000000008e200000| Untracked 
|   1|0x000000008e300000, 0x000000008e300000, 0x000000008e400000|  0%| F|  |TAMS 0x000000008e300000, 0x000000008e300000| Untracked 
|   2|0x000000008e400000, 0x000000008e400000, 0x000000008e500000|  0%| F|  |TAMS 0x000000008e400000, 0x000000008e400000| Untracked 
|   3|0x000000008e500000, 0x000000008e500000, 0x000000008e600000|  0%| F|  |TAMS 0x000000008e500000, 0x000000008e500000| Untracked 
|   4|0x000000008e600000, 0x000000008e600000, 0x000000008e700000|  0%| F|  |TAMS 0x000000008e600000, 0x000000008e600000| Untracked 
|   5|0x000000008e700000, 0x000000008e700000, 0x000000008e800000|  0%| F|  |TAMS 0x000000008e700000, 0x000000008e700000| Untracked 
|   6|0x000000008e800000, 0x000000008e800000, 0x000000008e900000|  0%| F|  |TAMS 0x000000008e800000, 0x000000008e800000| Untracked 
|   7|0x000000008e900000, 0x000000008e900000, 0x000000008ea00000|  0%| F|  |TAMS 0x000000008e900000, 0x000000008e900000| Untracked 
|   8|0x000000008ea00000, 0x000000008ea00000, 0x000000008eb00000|  0%| F|  |TAMS 0x000000008ea00000, 0x000000008ea00000| Untracked 
|   9|0x000000008eb00000, 0x000000008eb00000, 0x000000008ec00000|  0%| F|  |TAMS 0x000000008eb00000, 0x000000008eb00000| Untracked 
|  10|0x000000008ec00000, 0x000000008ec00000, 0x000000008ed00000|  0%| F|  |TAMS 0x000000008ec00000, 0x000000008ec00000| Untracked 
|  11|0x000000008ed00000, 0x000000008ed00000, 0x000000008ee00000|  0%| F|  |TAMS 0x000000008ed00000, 0x000000008ed00000| Untracked 
|  12|0x000000008ee00000, 0x000000008ee00000, 0x000000008ef00000|  0%| F|  |TAMS 0x000000008ee00000, 0x000000008ee00000| Untracked 
|  13|0x000000008ef00000, 0x000000008ef00000, 0x000000008f000000|  0%| F|  |TAMS 0x000000008ef00000, 0x000000008ef00000| Untracked 
|  14|0x000000008f000000, 0x000000008f000000, 0x000000008f100000|  0%| F|  |TAMS 0x000000008f000000, 0x000000008f000000| Untracked 
|  15|0x000000008f100000, 0x000000008f100000, 0x000000008f200000|  0%| F|  |TAMS 0x000000008f100000, 0x000000008f100000| Untracked 
|  16|0x000000008f200000, 0x000000008f200000, 0x000000008f300000|  0%| F|  |TAMS 0x000000008f200000, 0x000000008f200000| Untracked 
|  17|0x000000008f300000, 0x000000008f300000, 0x000000008f400000|  0%| F|  |TAMS 0x000000008f300000, 0x000000008f300000| Untracked 
|  18|0x000000008f400000, 0x000000008f400000, 0x000000008f500000|  0%| F|  |TAMS 0x000000008f400000, 0x000000008f400000| Untracked 
|  19|0x000000008f500000, 0x000000008f500000, 0x000000008f600000|  0%| F|  |TAMS 0x000000008f500000, 0x000000008f500000| Untracked 
|  20|0x000000008f600000, 0x000000008f600000, 0x000000008f700000|  0%| F|  |TAMS 0x000000008f600000, 0x000000008f600000| Untracked 
|  21|0x000000008f700000, 0x000000008f700000, 0x000000008f800000|  0%| F|  |TAMS 0x000000008f700000, 0x000000008f700000| Untracked 
|  22|0x000000008f800000, 0x000000008f800000, 0x000000008f900000|  0%| F|  |TAMS 0x000000008f800000, 0x000000008f800000| Untracked 
|  23|0x000000008f900000, 0x000000008f900000, 0x000000008fa00000|  0%| F|  |TAMS 0x000000008f900000, 0x000000008f900000| Untracked 
|  24|0x000000008fa00000, 0x000000008fa00000, 0x000000008fb00000|  0%| F|  |TAMS 0x000000008fa00000, 0x000000008fa00000| Untracked 
|  25|0x000000008fb00000, 0x000000008fb00000, 0x000000008fc00000|  0%| F|  |TAMS 0x000000008fb00000, 0x000000008fb00000| Untracked 
|  26|0x000000008fc00000, 0x000000008fc00000, 0x000000008fd00000|  0%| F|  |TAMS 0x000000008fc00000, 0x000000008fc00000| Untracked 
|  27|0x000000008fd00000, 0x000000008fd00000, 0x000000008fe00000|  0%| F|  |TAMS 0x000000008fd00000, 0x000000008fd00000| Untracked 
|  28|0x000000008fe00000, 0x000000008fe00000, 0x000000008ff00000|  0%| F|  |TAMS 0x000000008fe00000, 0x000000008fe00000| Untracked 
|  29|0x000000008ff00000, 0x000000008ff00000, 0x0000000090000000|  0%| F|  |TAMS 0x000000008ff00000, 0x000000008ff00000| Untracked 
|  30|0x0000000090000000, 0x0000000090000000, 0x0000000090100000|  0%| F|  |TAMS 0x0000000090000000, 0x0000000090000000| Untracked 
|  31|0x0000000090100000, 0x0000000090100000, 0x0000000090200000|  0%| F|  |TAMS 0x0000000090100000, 0x0000000090100000| Untracked 
|  32|0x0000000090200000, 0x0000000090200000, 0x0000000090300000|  0%| F|  |TAMS 0x0000000090200000, 0x0000000090200000| Untracked 
|  33|0x0000000090300000, 0x0000000090300000, 0x0000000090400000|  0%| F|  |TAMS 0x0000000090300000, 0x0000000090300000| Untracked 
|  34|0x0000000090400000, 0x0000000090400000, 0x0000000090500000|  0%| F|  |TAMS 0x0000000090400000, 0x0000000090400000| Untracked 
|  35|0x0000000090500000, 0x0000000090500000, 0x0000000090600000|  0%| F|  |TAMS 0x0000000090500000, 0x0000000090500000| Untracked 
|  36|0x0000000090600000, 0x0000000090600000, 0x0000000090700000|  0%| F|  |TAMS 0x0000000090600000, 0x0000000090600000| Untracked 
|  37|0x0000000090700000, 0x0000000090700000, 0x0000000090800000|  0%| F|  |TAMS 0x0000000090700000, 0x0000000090700000| Untracked 
|  38|0x0000000090800000, 0x0000000090800000, 0x0000000090900000|  0%| F|  |TAMS 0x0000000090800000, 0x0000000090800000| Untracked 
|  39|0x0000000090900000, 0x0000000090900000, 0x0000000090a00000|  0%| F|  |TAMS 0x0000000090900000, 0x0000000090900000| Untracked 
|  40|0x0000000090a00000, 0x0000000090a00000, 0x0000000090b00000|  0%| F|  |TAMS 0x0000000090a00000, 0x0000000090a00000| Untracked 
|  41|0x0000000090b00000, 0x0000000090b00000, 0x0000000090c00000|  0%| F|  |TAMS 0x0000000090b00000, 0x0000000090b00000| Untracked 
|  42|0x0000000090c00000, 0x0000000090c00000, 0x0000000090d00000|  0%| F|  |TAMS 0x0000000090c00000, 0x0000000090c00000| Untracked 
|  43|0x0000000090d00000, 0x0000000090d00000, 0x0000000090e00000|  0%| F|  |TAMS 0x0000000090d00000, 0x0000000090d00000| Untracked 
|  44|0x0000000090e00000, 0x0000000090e00000, 0x0000000090f00000|  0%| F|  |TAMS 0x0000000090e00000, 0x0000000090e00000| Untracked 
|  45|0x0000000090f00000, 0x0000000090f00000, 0x0000000091000000|  0%| F|  |TAMS 0x0000000090f00000, 0x0000000090f00000| Untracked 
|  46|0x0000000091000000, 0x0000000091000000, 0x0000000091100000|  0%| F|  |TAMS 0x0000000091000000, 0x0000000091000000| Untracked 
|  47|0x0000000091100000, 0x0000000091100000, 0x0000000091200000|  0%| F|  |TAMS 0x0000000091100000, 0x0000000091100000| Untracked 
|  48|0x0000000091200000, 0x0000000091200000, 0x0000000091300000|  0%| F|  |TAMS 0x0000000091200000, 0x0000000091200000| Untracked 
|  49|0x0000000091300000, 0x0000000091300000, 0x0000000091400000|  0%| F|  |TAMS 0x0000000091300000, 0x0000000091300000| Untracked 
|  50|0x0000000091400000, 0x0000000091400000, 0x0000000091500000|  0%| F|  |TAMS 0x0000000091400000, 0x0000000091400000| Untracked 
|  51|0x0000000091500000, 0x0000000091500000, 0x0000000091600000|  0%| F|  |TAMS 0x0000000091500000, 0x0000000091500000| Untracked 
|  52|0x0000000091600000, 0x0000000091600000, 0x0000000091700000|  0%| F|  |TAMS 0x0000000091600000, 0x0000000091600000| Untracked 
|  53|0x0000000091700000, 0x0000000091700000, 0x0000000091800000|  0%| F|  |TAMS 0x0000000091700000, 0x0000000091700000| Untracked 
|  54|0x0000000091800000, 0x0000000091800000, 0x0000000091900000|  0%| F|  |TAMS 0x0000000091800000, 0x0000000091800000| Untracked 
|  55|0x0000000091900000, 0x0000000091900000, 0x0000000091a00000|  0%| F|  |TAMS 0x0000000091900000, 0x0000000091900000| Untracked 
|  56|0x0000000091a00000, 0x0000000091a00000, 0x0000000091b00000|  0%| F|  |TAMS 0x0000000091a00000, 0x0000000091a00000| Untracked 
|  57|0x0000000091b00000, 0x0000000091b00000, 0x0000000091c00000|  0%| F|  |TAMS 0x0000000091b00000, 0x0000000091b00000| Untracked 
|  58|0x0000000091c00000, 0x0000000091c00000, 0x0000000091d00000|  0%| F|  |TAMS 0x0000000091c00000, 0x0000000091c00000| Untracked 
|  59|0x0000000091d00000, 0x0000000091d00000, 0x0000000091e00000|  0%| F|  |TAMS 0x0000000091d00000, 0x0000000091d00000| Untracked 
|  60|0x0000000091e00000, 0x0000000091e00000, 0x0000000091f00000|  0%| F|  |TAMS 0x0000000091e00000, 0x0000000091e00000| Untracked 
|  61|0x0000000091f00000, 0x0000000091f00000, 0x0000000092000000|  0%| F|  |TAMS 0x0000000091f00000, 0x0000000091f00000| Untracked 
|  62|0x0000000092000000, 0x0000000092000000, 0x0000000092100000|  0%| F|  |TAMS 0x0000000092000000, 0x0000000092000000| Untracked 
|  63|0x0000000092100000, 0x0000000092100000, 0x0000000092200000|  0%| F|  |TAMS 0x0000000092100000, 0x0000000092100000| Untracked 
|  64|0x0000000092200000, 0x0000000092200000, 0x0000000092300000|  0%| F|  |TAMS 0x0000000092200000, 0x0000000092200000| Untracked 
|  65|0x0000000092300000, 0x0000000092300000, 0x0000000092400000|  0%| F|  |TAMS 0x0000000092300000, 0x0000000092300000| Untracked 
|  66|0x0000000092400000, 0x0000000092400000, 0x0000000092500000|  0%| F|  |TAMS 0x0000000092400000, 0x0000000092400000| Untracked 
|  67|0x0000000092500000, 0x0000000092500000, 0x0000000092600000|  0%| F|  |TAMS 0x0000000092500000, 0x0000000092500000| Untracked 
|  68|0x0000000092600000, 0x0000000092600000, 0x0000000092700000|  0%| F|  |TAMS 0x0000000092600000, 0x0000000092600000| Untracked 
|  69|0x0000000092700000, 0x0000000092700000, 0x0000000092800000|  0%| F|  |TAMS 0x0000000092700000, 0x0000000092700000| Untracked 
|  70|0x0000000092800000, 0x0000000092800000, 0x0000000092900000|  0%| F|  |TAMS 0x0000000092800000, 0x0000000092800000| Untracked 
|  71|0x0000000092900000, 0x0000000092900000, 0x0000000092a00000|  0%| F|  |TAMS 0x0000000092900000, 0x0000000092900000| Untracked 
|  72|0x0000000092a00000, 0x0000000092a00000, 0x0000000092b00000|  0%| F|  |TAMS 0x0000000092a00000, 0x0000000092a00000| Untracked 
|  73|0x0000000092b00000, 0x0000000092b00000, 0x0000000092c00000|  0%| F|  |TAMS 0x0000000092b00000, 0x0000000092b00000| Untracked 
|  74|0x0000000092c00000, 0x0000000092c00000, 0x0000000092d00000|  0%| F|  |TAMS 0x0000000092c00000, 0x0000000092c00000| Untracked 
|  75|0x0000000092d00000, 0x0000000092d00000, 0x0000000092e00000|  0%| F|  |TAMS 0x0000000092d00000, 0x0000000092d00000| Untracked 
|  76|0x0000000092e00000, 0x0000000092e00000, 0x0000000092f00000|  0%| F|  |TAMS 0x0000000092e00000, 0x0000000092e00000| Untracked 
|  77|0x0000000092f00000, 0x0000000092f00000, 0x0000000093000000|  0%| F|  |TAMS 0x0000000092f00000, 0x0000000092f00000| Untracked 
|  78|0x0000000093000000, 0x0000000093000000, 0x0000000093100000|  0%| F|  |TAMS 0x0000000093000000, 0x0000000093000000| Untracked 
|  79|0x0000000093100000, 0x0000000093100000, 0x0000000093200000|  0%| F|  |TAMS 0x0000000093100000, 0x0000000093100000| Untracked 
|  80|0x0000000093200000, 0x0000000093200000, 0x0000000093300000|  0%| F|  |TAMS 0x0000000093200000, 0x0000000093200000| Untracked 
|  81|0x0000000093300000, 0x0000000093300000, 0x0000000093400000|  0%| F|  |TAMS 0x0000000093300000, 0x0000000093300000| Untracked 
|  82|0x0000000093400000, 0x0000000093400000, 0x0000000093500000|  0%| F|  |TAMS 0x0000000093400000, 0x0000000093400000| Untracked 
|  83|0x0000000093500000, 0x0000000093500000, 0x0000000093600000|  0%| F|  |TAMS 0x0000000093500000, 0x0000000093500000| Untracked 
|  84|0x0000000093600000, 0x0000000093600000, 0x0000000093700000|  0%| F|  |TAMS 0x0000000093600000, 0x0000000093600000| Untracked 
|  85|0x0000000093700000, 0x0000000093700000, 0x0000000093800000|  0%| F|  |TAMS 0x0000000093700000, 0x0000000093700000| Untracked 
|  86|0x0000000093800000, 0x0000000093800000, 0x0000000093900000|  0%| F|  |TAMS 0x0000000093800000, 0x0000000093800000| Untracked 
|  87|0x0000000093900000, 0x0000000093900000, 0x0000000093a00000|  0%| F|  |TAMS 0x0000000093900000, 0x0000000093900000| Untracked 
|  88|0x0000000093a00000, 0x0000000093a00000, 0x0000000093b00000|  0%| F|  |TAMS 0x0000000093a00000, 0x0000000093a00000| Untracked 
|  89|0x0000000093b00000, 0x0000000093b00000, 0x0000000093c00000|  0%| F|  |TAMS 0x0000000093b00000, 0x0000000093b00000| Untracked 
|  90|0x0000000093c00000, 0x0000000093c00000, 0x0000000093d00000|  0%| F|  |TAMS 0x0000000093c00000, 0x0000000093c00000| Untracked 
|  91|0x0000000093d00000, 0x0000000093d00000, 0x0000000093e00000|  0%| F|  |TAMS 0x0000000093d00000, 0x0000000093d00000| Untracked 
|  92|0x0000000093e00000, 0x0000000093e00000, 0x0000000093f00000|  0%| F|  |TAMS 0x0000000093e00000, 0x0000000093e00000| Untracked 
|  93|0x0000000093f00000, 0x0000000093f00000, 0x0000000094000000|  0%| F|  |TAMS 0x0000000093f00000, 0x0000000093f00000| Untracked 
|  94|0x0000000094000000, 0x0000000094000000, 0x0000000094100000|  0%| F|  |TAMS 0x0000000094000000, 0x0000000094000000| Untracked 
|  95|0x0000000094100000, 0x0000000094100000, 0x0000000094200000|  0%| F|  |TAMS 0x0000000094100000, 0x0000000094100000| Untracked 
|  96|0x0000000094200000, 0x0000000094200000, 0x0000000094300000|  0%| F|  |TAMS 0x0000000094200000, 0x0000000094200000| Untracked 
|  97|0x0000000094300000, 0x0000000094300000, 0x0000000094400000|  0%| F|  |TAMS 0x0000000094300000, 0x0000000094300000| Untracked 
|  98|0x0000000094400000, 0x0000000094400000, 0x0000000094500000|  0%| F|  |TAMS 0x0000000094400000, 0x0000000094400000| Untracked 
|  99|0x0000000094500000, 0x00000000945daa48, 0x0000000094600000| 85%| S|CS|TAMS 0x0000000094500000, 0x0000000094500000| Complete 
| 100|0x0000000094600000, 0x0000000094700000, 0x0000000094700000|100%| S|CS|TAMS 0x0000000094600000, 0x0000000094600000| Complete 
| 101|0x0000000094700000, 0x0000000094700000, 0x0000000094800000|  0%| F|  |TAMS 0x0000000094700000, 0x0000000094700000| Untracked 
| 102|0x0000000094800000, 0x0000000094800000, 0x0000000094900000|  0%| F|  |TAMS 0x0000000094800000, 0x0000000094800000| Untracked 
| 103|0x0000000094900000, 0x0000000094900000, 0x0000000094a00000|  0%| F|  |TAMS 0x0000000094900000, 0x0000000094900000| Untracked 
| 104|0x0000000094a00000, 0x0000000094a00000, 0x0000000094b00000|  0%| F|  |TAMS 0x0000000094a00000, 0x0000000094a00000| Untracked 
| 105|0x0000000094b00000, 0x0000000094b00000, 0x0000000094c00000|  0%| F|  |TAMS 0x0000000094b00000, 0x0000000094b00000| Untracked 
| 106|0x0000000094c00000, 0x0000000094c00000, 0x0000000094d00000|  0%| F|  |TAMS 0x0000000094c00000, 0x0000000094c00000| Untracked 
| 107|0x0000000094d00000, 0x0000000094d00000, 0x0000000094e00000|  0%| F|  |TAMS 0x0000000094d00000, 0x0000000094d00000| Untracked 
| 108|0x0000000094e00000, 0x0000000094e68298, 0x0000000094f00000| 40%| E|  |TAMS 0x0000000094e00000, 0x0000000094e00000| Complete 
| 109|0x0000000094f00000, 0x0000000095000000, 0x0000000095000000|100%| E|CS|TAMS 0x0000000094f00000, 0x0000000094f00000| Complete 
| 110|0x0000000095000000, 0x0000000095100000, 0x0000000095100000|100%| E|CS|TAMS 0x0000000095000000, 0x0000000095000000| Complete 
| 111|0x0000000095100000, 0x0000000095200000, 0x0000000095200000|100%| E|CS|TAMS 0x0000000095100000, 0x0000000095100000| Complete 
| 112|0x0000000095200000, 0x0000000095300000, 0x0000000095300000|100%| E|CS|TAMS 0x0000000095200000, 0x0000000095200000| Complete 
| 113|0x0000000095300000, 0x0000000095400000, 0x0000000095400000|100%| E|CS|TAMS 0x0000000095300000, 0x0000000095300000| Complete 

Card table byte_map: [0x0000028170150000,0x00000281704e0000] _byte_map_base: 0x000002816fcdf000

Marking Bits (Prev, Next): (CMBitMap*) 0x00000281594d83a0, (CMBitMap*) 0x00000281594d83e0
 Prev Bits: [0x0000028170870000, 0x00000281724e8000)
 Next Bits: [0x00000281724f0000, 0x0000028174168000)

Polling page: 0x0000028158c50000

Metaspace:

Usage:
  Non-class:      4.27 MB used.
      Class:    532.50 KB used.
       Both:      4.79 MB used.

Virtual space:
  Non-class space:       64.00 MB reserved,       4.38 MB (  7%) committed,  1 nodes.
      Class space:        1.00 GB reserved,     640.00 KB ( <1%) committed,  1 nodes.
             Both:        1.06 GB reserved,       5.00 MB ( <1%) committed. 

Chunk freelists:
   Non-Class:  1.78 MB
       Class:  3.41 MB
        Both:  5.19 MB

MaxMetaspaceSize: unlimited
CompressedClassSpaceSize: 1.00 GB
Initial GC threshold: 21.00 MB
Current GC threshold: 21.00 MB
CDS: on
MetaspaceReclaimPolicy: balanced
 - commit_granule_bytes: 65536.
 - commit_granule_words: 8192.
 - virtual_space_node_default_size: 8388608.
 - enlarge_chunks_in_place: 1.
 - new_chunks_are_fully_committed: 0.
 - uncommit_free_chunks: 1.
 - use_allocation_guard: 0.


Internal statistics:

num_allocs_failed_limit: 0.
num_arena_births: 122.
num_arena_deaths: 0.
num_vsnodes_births: 2.
num_vsnodes_deaths: 0.
num_space_committed: 80.
num_space_uncommitted: 0.
num_chunks_returned_to_freelist: 0.
num_chunks_taken_from_freelist: 250.
num_chunk_merges: 0.
num_chunk_splits: 164.
num_chunks_enlarged: 121.
num_inconsistent_stats: 0.

CodeHeap 'non-profiled nmethods': size=120000Kb used=308Kb max_used=308Kb free=119691Kb
 bounds [0x0000028168890000, 0x0000028168b00000, 0x000002816fdc0000]
CodeHeap 'profiled nmethods': size=120000Kb used=1341Kb max_used=1341Kb free=118658Kb
 bounds [0x0000028161360000, 0x00000281615d0000, 0x0000028168890000]
CodeHeap 'non-nmethods': size=5760Kb used=1228Kb max_used=1281Kb free=4531Kb
 bounds [0x0000028160dc0000, 0x0000028161030000, 0x0000028161360000]
 total_blobs=1449 nmethods=924 adapters=438
 compilation: enabled
              stopped_count=0, restarted_count=0
 full_count=0

Compilation events (20 events):
Event: 0.843 Thread 0x00000281765ef950  914       3       java.lang.Integer::valueOf (32 bytes)
Event: 0.843 Thread 0x00000281765ef950 nmethod 914 0x00000281614ad410 code [0x00000281614ad5c0, 0x00000281614ad8d8]
Event: 0.843 Thread 0x00000281765e5600  915       4       java.lang.StringLatin1::newString (24 bytes)
Event: 0.847 Thread 0x00000281765e5600 nmethod 915 0x00000281688daf10 code [0x00000281688db0a0, 0x00000281688db518]
Event: 0.848 Thread 0x00000281765e5600  916       4       jdk.internal.misc.Unsafe::allocateUninitializedArray (55 bytes)
Event: 0.848 Thread 0x00000281765ef950  917       1       jdk.internal.loader.URLClassPath$Loader::getBaseURL (5 bytes)
Event: 0.848 Thread 0x00000281765ef950 nmethod 917 0x00000281688db710 code [0x00000281688db8a0, 0x00000281688db978]
Event: 0.849 Thread 0x00000281765e5600 nmethod 916 0x00000281688dba10 code [0x00000281688dbba0, 0x00000281688dbd78]
Event: 0.850 Thread 0x00000281765ef950  919       1       java.util.logging.LogManager$LoggerContext::getOwner (5 bytes)
Event: 0.850 Thread 0x00000281765ef950 nmethod 919 0x00000281688dc310 code [0x00000281688dc4a0, 0x00000281688dc578]
Event: 0.851 Thread 0x00000281765ef950  920       3       java.lang.String::getChars (54 bytes)
Event: 0.851 Thread 0x00000281765ef950 nmethod 920 0x00000281614ada10 code [0x00000281614adc40, 0x00000281614ae378]
Event: 0.851 Thread 0x00000281765ef950  921       3       java.lang.StringLatin1::getChars (12 bytes)
Event: 0.851 Thread 0x00000281765ef950 nmethod 921 0x00000281614ae690 code [0x00000281614ae820, 0x00000281614ae948]
Event: 0.852 Thread 0x00000281765e5600  922       4       java.util.concurrent.ConcurrentHashMap::get (162 bytes)
Event: 0.852 Thread 0x00000281765ef950  923       3       jdk.internal.loader.ClassLoaders$BootClassLoader::loadClassOrNull (10 bytes)
Event: 0.852 Thread 0x00000281765ef950 nmethod 923 0x00000281614aea10 code [0x00000281614aebe0, 0x00000281614aee78]
Event: 0.857 Thread 0x00000281765e5600 nmethod 922 0x00000281688dc610 code [0x00000281688dc7c0, 0x00000281688dcb38]
Event: 0.862 Thread 0x00000281765ef950  925       3       java.util.Properties::getProperty (50 bytes)
Event: 0.862 Thread 0x00000281765ef950 nmethod 925 0x00000281614aef90 code [0x00000281614af160, 0x00000281614af658]

GC Heap History (2 events):
Event: 0.634 GC heap before
{Heap before GC invocations=0 (full 0):
 garbage-first heap   total 116736K, used 12288K [0x000000008e200000, 0x0000000100000000)
  region size 1024K, 13 young (13312K), 0 survivors (0K)
 Metaspace       used 2522K, committed 2752K, reserved 1114112K
  class space    used 261K, committed 384K, reserved 1048576K
}
Event: 0.639 GC heap after
{Heap after GC invocations=1 (full 0):
 garbage-first heap   total 116736K, used 1898K [0x000000008e200000, 0x0000000100000000)
  region size 1024K, 2 young (2048K), 2 survivors (2048K)
 Metaspace       used 2522K, committed 2752K, reserved 1114112K
  class space    used 261K, committed 384K, reserved 1048576K
}

Deoptimization events (20 events):
Event: 0.850 Thread 0x000002815947e810 Uncommon trap: trap_request=0xffffffde fr.pc=0x00000281688dbcc8 relative=0x0000000000000128
Event: 0.850 Thread 0x000002815947e810 Uncommon trap: reason=class_check action=maybe_recompile pc=0x00000281688dbcc8 method=jdk.internal.misc.Unsafe.allocateUninitializedArray(Ljava/lang/Class;I)Ljava/lang/Object; @ 51 c2
Event: 0.850 Thread 0x000002815947e810 DEOPT PACKING pc=0x00000281688dbcc8 sp=0x000000d1f8cfd2f0
Event: 0.850 Thread 0x000002815947e810 DEOPT UNPACKING pc=0x0000028160e123a3 sp=0x000000d1f8cfd278 mode 2
Event: 0.850 Thread 0x000002815947e810 Uncommon trap: trap_request=0xffffffde fr.pc=0x00000281688dbcc8 relative=0x0000000000000128
Event: 0.850 Thread 0x000002815947e810 Uncommon trap: reason=class_check action=maybe_recompile pc=0x00000281688dbcc8 method=jdk.internal.misc.Unsafe.allocateUninitializedArray(Ljava/lang/Class;I)Ljava/lang/Object; @ 51 c2
Event: 0.850 Thread 0x000002815947e810 DEOPT PACKING pc=0x00000281688dbcc8 sp=0x000000d1f8cfcf30
Event: 0.850 Thread 0x000002815947e810 DEOPT UNPACKING pc=0x0000028160e123a3 sp=0x000000d1f8cfceb8 mode 2
Event: 0.850 Thread 0x000002815947e810 Uncommon trap: trap_request=0xffffffde fr.pc=0x00000281688dbcc8 relative=0x0000000000000128
Event: 0.850 Thread 0x000002815947e810 Uncommon trap: reason=class_check action=maybe_recompile pc=0x00000281688dbcc8 method=jdk.internal.misc.Unsafe.allocateUninitializedArray(Ljava/lang/Class;I)Ljava/lang/Object; @ 51 c2
Event: 0.850 Thread 0x000002815947e810 DEOPT PACKING pc=0x00000281688dbcc8 sp=0x000000d1f8cfd040
Event: 0.850 Thread 0x000002815947e810 DEOPT UNPACKING pc=0x0000028160e123a3 sp=0x000000d1f8cfcfc8 mode 2
Event: 0.850 Thread 0x000002815947e810 Uncommon trap: trap_request=0xffffffde fr.pc=0x00000281688dbcc8 relative=0x0000000000000128
Event: 0.850 Thread 0x000002815947e810 Uncommon trap: reason=class_check action=maybe_recompile pc=0x00000281688dbcc8 method=jdk.internal.misc.Unsafe.allocateUninitializedArray(Ljava/lang/Class;I)Ljava/lang/Object; @ 51 c2
Event: 0.850 Thread 0x000002815947e810 DEOPT PACKING pc=0x00000281688dbcc8 sp=0x000000d1f8cfd0f0
Event: 0.850 Thread 0x000002815947e810 DEOPT UNPACKING pc=0x0000028160e123a3 sp=0x000000d1f8cfd078 mode 2
Event: 0.862 Thread 0x000002815947e810 Uncommon trap: trap_request=0xffffff45 fr.pc=0x00000281688c7ecc relative=0x000000000000012c
Event: 0.862 Thread 0x000002815947e810 Uncommon trap: reason=unstable_if action=reinterpret pc=0x00000281688c7ecc method=java.lang.String.startsWith(Ljava/lang/String;I)Z @ 1 c2
Event: 0.862 Thread 0x000002815947e810 DEOPT PACKING pc=0x00000281688c7ecc sp=0x000000d1f8cfd050
Event: 0.862 Thread 0x000002815947e810 DEOPT UNPACKING pc=0x0000028160e123a3 sp=0x000000d1f8cfcfb8 mode 2

Classes loaded (20 events):
Event: 0.863 Loading class java/net/SocketPermission done
Event: 0.863 Loading class java/lang/reflect/ReflectPermission
Event: 0.863 Loading class java/lang/reflect/ReflectPermission done
Event: 0.863 Loading class sun/security/provider/SunEntries
Event: 0.863 Loading class sun/security/provider/SunEntries done
Event: 0.863 Loading class sun/security/provider/SunEntries$1
Event: 0.863 Loading class sun/security/provider/SunEntries$1 done
Event: 0.863 Loading class sun/security/provider/NativePRNG
Event: 0.863 Loading class sun/security/provider/NativePRNG done
Event: 0.863 Loading class sun/security/provider/NativePRNG$Blocking
Event: 0.863 Loading class sun/security/provider/NativePRNG$Blocking done
Event: 0.863 Loading class sun/security/provider/NativePRNG$NonBlocking
Event: 0.863 Loading class sun/security/provider/NativePRNG$NonBlocking done
Event: 0.864 Loading class java/security/Provider$Service
Event: 0.864 Loading class java/security/Provider$Service done
Event: 0.864 Loading class java/security/Provider$UString
Event: 0.864 Loading class java/security/Provider$UString done
Event: 0.864 Loading class sun/security/util/SecurityProviderConstants
Event: 0.864 Loading class sun/security/util/SecurityProviderConstants done
Event: 0.864 Loading class sun/security/util/KnownOIDs

Classes unloaded (0 events):
No events

Classes redefined (0 events):
No events

Internal exceptions (16 events):
Event: 0.133 Thread 0x000002815947e810 Exception <a 'sun/nio/fs/WindowsException'{0x0000000095237238}> (0x0000000095237238) 
thrown [s\open\src\hotspot\share\prims\jni.cpp, line 516]
Event: 0.133 Thread 0x000002815947e810 Exception <a 'sun/nio/fs/WindowsException'{0x00000000952376d8}> (0x00000000952376d8) 
thrown [s\open\src\hotspot\share\prims\jni.cpp, line 516]
Event: 0.279 Thread 0x000002815947e810 Exception <a 'java/lang/NoSuchMethodError'{0x0000000094dd77e0}: 'java.lang.Object java.lang.invoke.DirectMethodHandle$Holder.invokeStaticInit(java.lang.Object)'> (0x0000000094dd77e0) 
thrown [s\open\src\hotspot\share\interpreter\linkResolver.cpp, line 766]
Event: 0.282 Thread 0x000002815947e810 Exception <a 'java/lang/NoSuchMethodError'{0x0000000094dde650}: 'void java.lang.invoke.DirectMethodHandle$Holder.invokeStatic(java.lang.Object, java.lang.Object, java.lang.Object, java.lang.Object)'> (0x0000000094dde650) 
thrown [s\open\src\hotspot\share\interpreter\linkResolver.cpp, line 766]
Event: 0.283 Thread 0x000002815947e810 Exception <a 'java/lang/NoSuchMethodError'{0x0000000094de25e8}: 'void java.lang.invoke.DirectMethodHandle$Holder.invokeSpecial(java.lang.Object, java.lang.Object, java.lang.Object, java.lang.Object, java.lang.Object)'> (0x0000000094de25e8) 
thrown [s\open\src\hotspot\share\interpreter\linkResolver.cpp, line 766]
Event: 0.289 Thread 0x000002815947e810 Exception <a 'java/lang/NoSuchMethodError'{0x0000000094dfb0c0}: 'java.lang.Object java.lang.invoke.Invokers$Holder.invokeExact_MT(java.lang.Object, java.lang.Object, java.lang.Object, java.lang.Object, java.lang.Object, java.lang.Object)'> (0x0000000094dfb0c0) 
thrown [s\open\src\hotspot\share\interpreter\linkResolver.cpp, line 766]
Event: 0.291 Thread 0x000002815947e810 Exception <a 'java/lang/NoSuchMethodError'{0x0000000094c4a240}: 'void java.lang.invoke.DirectMethodHandle$Holder.invokeStatic(java.lang.Object, java.lang.Object)'> (0x0000000094c4a240) 
thrown [s\open\src\hotspot\share\interpreter\linkResolver.cpp, line 766]
Event: 0.493 Thread 0x000002815947e810 Exception <a 'java/lang/NoSuchMethodError'{0x00000000949556e0}: 'void java.lang.invoke.DirectMethodHandle$Holder.invokeSpecial(java.lang.Object, java.lang.Object, java.lang.Object)'> (0x00000000949556e0) 
thrown [s\open\src\hotspot\share\interpreter\linkResolver.cpp, line 766]
Event: 0.506 Thread 0x000002815947e810 Exception <a 'java/lang/NoSuchMethodError'{0x000000009498c158}: 'void java.lang.invoke.DirectMethodHandle$Holder.invokeStatic(java.lang.Object, java.lang.Object, java.lang.Object)'> (0x000000009498c158) 
thrown [s\open\src\hotspot\share\interpreter\linkResolver.cpp, line 766]
Event: 0.558 Thread 0x000002815947e810 Exception <a 'java/lang/NoSuchMethodError'{0x00000000949a8a60}: 'int java.lang.invoke.DirectMethodHandle$Holder.invokeStaticInit(java.lang.Object, java.lang.Object, java.lang.Object)'> (0x00000000949a8a60) 
thrown [s\open\src\hotspot\share\interpreter\linkResolver.cpp, line 766]
Event: 0.581 Thread 0x000002815947e810 Exception <a 'java/lang/NoSuchMethodError'{0x00000000947022a0}: 'java.lang.Object java.lang.invoke.DirectMethodHandle$Holder.newInvokeSpecial(java.lang.Object, java.lang.Object, int, java.lang.Object)'> (0x00000000947022a0) 
thrown [s\open\src\hotspot\share\interpreter\linkResolver.cpp, line 766]
Event: 0.582 Thread 0x000002815947e810 Exception <a 'java/lang/NoSuchMethodError'{0x0000000094706688}: 'java.lang.Object java.lang.invoke.DirectMethodHandle$Holder.invokeSpecial(java.lang.Object, java.lang.Object, java.lang.Object, int, java.lang.Object)'> (0x0000000094706688) 
thrown [s\open\src\hotspot\share\interpreter\linkResolver.cpp, line 766]
Event: 0.662 Thread 0x000002817abd06a0 Exception <a 'java/lang/NoSuchMethodError'{0x00000000952b1600}: 'void java.lang.invoke.DirectMethodHandle$Holder.invokeStaticInit(java.lang.Object)'> (0x00000000952b1600) 
thrown [s\open\src\hotspot\share\interpreter\linkResolver.cpp, line 766]
Event: 0.666 Thread 0x000002815947e810 Exception <a 'java/lang/NoSuchMethodError'{0x00000000952df230}: 'java.lang.Object java.lang.invoke.DirectMethodHandle$Holder.newInvokeSpecial(java.lang.Object, java.lang.Object, java.lang.Object, java.lang.Object, java.lang.Object, java.lang.Object)'> (0x00000000952df230) 
thrown [s\open\src\hotspot\share\interpreter\linkResolver.cpp, line 766]
Event: 0.723 Thread 0x000002815947e810 Exception <a 'java/lang/NoSuchMethodError'{0x0000000095065378}: 'java.lang.Object java.lang.invoke.DirectMethodHandle$Holder.invokeVirtual(java.lang.Object, java.lang.Object, java.lang.Object, java.lang.Object)'> (0x0000000095065378) 
thrown [s\open\src\hotspot\share\interpreter\linkResolver.cpp, line 766]
Event: 0.797 Thread 0x000002815947e810 Exception <a 'java/lang/NoSuchMethodError'{0x0000000094f64b28}: 'int java.lang.invoke.DirectMethodHandle$Holder.invokeSpecial(java.lang.Object, java.lang.Object, java.lang.Object)'> (0x0000000094f64b28) 
thrown [s\open\src\hotspot\share\interpreter\linkResolver.cpp, line 766]

VM Operations (20 events):
Event: 0.140 Executing VM operation: HandshakeAllThreads
Event: 0.140 Executing VM operation: HandshakeAllThreads done
Event: 0.249 Executing VM operation: HandshakeAllThreads
Event: 0.249 Executing VM operation: HandshakeAllThreads done
Event: 0.571 Executing VM operation: HandshakeAllThreads
Event: 0.571 Executing VM operation: HandshakeAllThreads done
Event: 0.634 Executing VM operation: G1CollectForAllocation
Event: 0.639 Executing VM operation: G1CollectForAllocation done
Event: 0.715 Executing VM operation: HandshakeAllThreads
Event: 0.715 Executing VM operation: HandshakeAllThreads done
Event: 0.729 Executing VM operation: HandshakeAllThreads
Event: 0.729 Executing VM operation: HandshakeAllThreads done
Event: 0.760 Executing VM operation: HandshakeAllThreads
Event: 0.760 Executing VM operation: HandshakeAllThreads done
Event: 0.767 Executing VM operation: HandshakeAllThreads
Event: 0.767 Executing VM operation: HandshakeAllThreads done
Event: 0.839 Executing VM operation: HandshakeAllThreads
Event: 0.839 Executing VM operation: HandshakeAllThreads done
Event: 0.861 Executing VM operation: HandshakeAllThreads
Event: 0.861 Executing VM operation: HandshakeAllThreads done

Events (20 events):
Event: 0.442 Loaded shared library C:\Program Files\Java\javafx-sdk-18.0.1\bin\api-ms-win-crt-private-l1-1-0.dll
Event: 0.445 Loaded shared library C:\Program Files\Java\javafx-sdk-18.0.1\bin\api-ms-win-crt-process-l1-1-0.dll
Event: 0.447 Loaded shared library C:\Program Files\Java\javafx-sdk-18.0.1\bin\api-ms-win-crt-runtime-l1-1-0.dll
Event: 0.449 Loaded shared library C:\Program Files\Java\javafx-sdk-18.0.1\bin\api-ms-win-crt-stdio-l1-1-0.dll
Event: 0.451 Loaded shared library C:\Program Files\Java\javafx-sdk-18.0.1\bin\api-ms-win-crt-string-l1-1-0.dll
Event: 0.454 Loaded shared library C:\Program Files\Java\javafx-sdk-18.0.1\bin\api-ms-win-crt-time-l1-1-0.dll
Event: 0.456 Loaded shared library C:\Program Files\Java\javafx-sdk-18.0.1\bin\api-ms-win-crt-utility-l1-1-0.dll
Event: 0.458 Loaded shared library C:\Program Files\Java\javafx-sdk-18.0.1\bin\ucrtbase.dll
Event: 0.460 Loaded shared library C:\Program Files\Java\javafx-sdk-18.0.1\bin\vcruntime140.dll
Event: 0.461 Loaded shared library C:\Program Files\Java\javafx-sdk-18.0.1\bin\vcruntime140_1.dll
Event: 0.463 Loaded shared library C:\Program Files\Java\javafx-sdk-18.0.1\bin\msvcp140.dll
Event: 0.507 Thread 0x000002817b1e7470 Thread added: 0x000002817b1e7470
Event: 0.516 Loaded shared library C:\Program Files\Java\javafx-sdk-18.0.1\bin\prism_d3d.dll
Event: 0.575 Loaded shared library C:\Program Files\Java\javafx-sdk-18.0.1\bin\glass.dll
Event: 0.578 Thread 0x000002817b117120 Thread added: 0x000002817b117120
Event: 0.584 Thread 0x000002817abd06a0 Thread added: 0x000002817abd06a0
Event: 0.675 Loaded shared library C:\Program Files\Java\jdk-18.0.1.1\bin\jimage.dll
Event: 0.684 Thread 0x000002817bbaea60 Thread added: 0x000002817bbaea60
Event: 0.785 Loaded shared library C:\Program Files\Java\jdk-18.0.1.1\bin\management.dll
Event: 0.789 Loaded shared library C:\Program Files\Java\jdk-18.0.1.1\bin\management_ext.dll


Dynamic libraries:
0x00007ff7b82f0000 - 0x00007ff7b8300000 	C:\Program Files\Java\jdk-18.0.1.1\bin\javaw.exe
0x00007fffd68b0000 - 0x00007fffd6aa5000 	C:\Windows\SYSTEM32\ntdll.dll
0x00007fffd5bc0000 - 0x00007fffd5c7d000 	C:\Windows\System32\KERNEL32.DLL
0x00007fffd4040000 - 0x00007fffd430d000 	C:\Windows\System32\KERNELBASE.dll
0x00007fffd43b0000 - 0x00007fffd44b0000 	C:\Windows\System32\ucrtbase.dll
0x00007fffca620000 - 0x00007fffca638000 	C:\Program Files\Java\jdk-18.0.1.1\bin\jli.dll
0x00007fffd5e20000 - 0x00007fffd5ece000 	C:\Windows\System32\ADVAPI32.dll
0x00007fffd4cc0000 - 0x00007fffd4d5e000 	C:\Windows\System32\msvcrt.dll
0x00007fffd4d60000 - 0x00007fffd4dfc000 	C:\Windows\System32\sechost.dll
0x00007fffcefe0000 - 0x00007fffceffa000 	C:\Program Files\Java\jdk-18.0.1.1\bin\VCRUNTIME140.dll
0x00007fffd6030000 - 0x00007fffd6155000 	C:\Windows\System32\RPCRT4.dll
0x00007fffd5c80000 - 0x00007fffd5e20000 	C:\Windows\System32\USER32.dll
0x00007fffd3fc0000 - 0x00007fffd3fe2000 	C:\Windows\System32\win32u.dll
0x00007fffd5b10000 - 0x00007fffd5b3a000 	C:\Windows\System32\GDI32.dll
0x00007fffd46a0000 - 0x00007fffd47ab000 	C:\Windows\System32\gdi32full.dll
0x00007fffd4860000 - 0x00007fffd48fd000 	C:\Windows\System32\msvcp_win.dll
0x00007fffbba00000 - 0x00007fffbbc9a000 	C:\Windows\WinSxS\amd64_microsoft.windows.common-controls_6595b64144ccf1df_6.0.19041.1110_none_60b5254171f9507e\COMCTL32.dll
0x00007fffc7c40000 - 0x00007fffc7c4a000 	C:\Windows\SYSTEM32\VERSION.dll
0x00007fffd5f30000 - 0x00007fffd5f60000 	C:\Windows\System32\IMM32.DLL
0x00007fffcf1e0000 - 0x00007fffcf1ec000 	C:\Program Files\Java\jdk-18.0.1.1\bin\vcruntime140_1.dll
0x00007fffbe240000 - 0x00007fffbe2cd000 	C:\Program Files\Java\jdk-18.0.1.1\bin\msvcp140.dll
0x00007fff55a70000 - 0x00007fff56680000 	C:\Program Files\Java\jdk-18.0.1.1\bin\server\jvm.dll
0x00007fffd4910000 - 0x00007fffd4918000 	C:\Windows\System32\PSAPI.DLL
0x00007fffabd40000 - 0x00007fffabd49000 	C:\Windows\SYSTEM32\WSOCK32.dll
0x00007fffd5b40000 - 0x00007fffd5bab000 	C:\Windows\System32\WS2_32.dll
0x00007fffb0e00000 - 0x00007fffb0e27000 	C:\Windows\SYSTEM32\WINMM.dll
0x00007fffd2850000 - 0x00007fffd2862000 	C:\Windows\SYSTEM32\kernel.appcore.dll
0x00007fffcf0d0000 - 0x00007fffcf0da000 	C:\Program Files\Java\jdk-18.0.1.1\bin\jimage.dll
0x00007fffd18c0000 - 0x00007fffd1aa4000 	C:\Windows\SYSTEM32\DBGHELP.DLL
0x00007fffb5d40000 - 0x00007fffb5d6c000 	C:\Windows\SYSTEM32\dbgcore.DLL
0x00007fffd44b0000 - 0x00007fffd4532000 	C:\Windows\System32\bcryptPrimitives.dll
0x00007fffc8800000 - 0x00007fffc8825000 	C:\Program Files\Java\jdk-18.0.1.1\bin\java.dll
0x00007fffb0a70000 - 0x00007fffb0b46000 	C:\Program Files\Java\jdk-18.0.1.1\bin\jsvml.dll
0x00007fffd53c0000 - 0x00007fffd5b04000 	C:\Windows\System32\SHELL32.dll
0x00007fffd20a0000 - 0x00007fffd2834000 	C:\Windows\SYSTEM32\windows.storage.dll
0x00007fffd4e00000 - 0x00007fffd5154000 	C:\Windows\System32\combase.dll
0x00007fffd39b0000 - 0x00007fffd39dc000 	C:\Windows\SYSTEM32\Wldp.dll
0x00007fffd4a60000 - 0x00007fffd4b0d000 	C:\Windows\System32\SHCORE.dll
0x00007fffd4a00000 - 0x00007fffd4a55000 	C:\Windows\System32\shlwapi.dll
0x00007fffd3f00000 - 0x00007fffd3f1f000 	C:\Windows\SYSTEM32\profapi.dll
0x00007fffc98f0000 - 0x00007fffc9903000 	C:\Program Files\Java\jdk-18.0.1.1\bin\net.dll
0x00007fffbe080000 - 0x00007fffbe18a000 	C:\Windows\SYSTEM32\WINHTTP.dll
0x00007fffd36b0000 - 0x00007fffd371a000 	C:\Windows\system32\mswsock.dll
0x00007fffc8eb0000 - 0x00007fffc8ec6000 	C:\Program Files\Java\jdk-18.0.1.1\bin\nio.dll
0x00007fffc87e0000 - 0x00007fffc87f8000 	C:\Program Files\Java\jdk-18.0.1.1\bin\zip.dll
0x0000028159400000 - 0x0000028159403000 	C:\Program Files\Java\javafx-sdk-18.0.1\bin\api-ms-win-core-console-l1-1-0.dll
0x0000028159410000 - 0x0000028159413000 	C:\Program Files\Java\javafx-sdk-18.0.1\bin\api-ms-win-core-console-l1-2-0.dll
0x0000028159420000 - 0x0000028159423000 	C:\Program Files\Java\javafx-sdk-18.0.1\bin\api-ms-win-core-datetime-l1-1-0.dll
0x0000028159430000 - 0x0000028159433000 	C:\Program Files\Java\javafx-sdk-18.0.1\bin\api-ms-win-core-debug-l1-1-0.dll
0x0000028159440000 - 0x0000028159443000 	C:\Program Files\Java\javafx-sdk-18.0.1\bin\api-ms-win-core-errorhandling-l1-1-0.dll
0x00000281767d0000 - 0x00000281767d4000 	C:\Program Files\Java\javafx-sdk-18.0.1\bin\api-ms-win-core-file-l1-1-0.dll
0x00000281767e0000 - 0x00000281767e3000 	C:\Program Files\Java\javafx-sdk-18.0.1\bin\api-ms-win-core-file-l1-2-0.dll
0x00000281767f0000 - 0x00000281767f3000 	C:\Program Files\Java\javafx-sdk-18.0.1\bin\api-ms-win-core-file-l2-1-0.dll
0x000002817c3d0000 - 0x000002817c3d3000 	C:\Program Files\Java\javafx-sdk-18.0.1\bin\api-ms-win-core-handle-l1-1-0.dll
0x000002817c3e0000 - 0x000002817c3e3000 	C:\Program Files\Java\javafx-sdk-18.0.1\bin\api-ms-win-core-heap-l1-1-0.dll
0x000002817c3f0000 - 0x000002817c3f3000 	C:\Program Files\Java\javafx-sdk-18.0.1\bin\api-ms-win-core-interlocked-l1-1-0.dll
0x000002817c400000 - 0x000002817c403000 	C:\Program Files\Java\javafx-sdk-18.0.1\bin\api-ms-win-core-libraryloader-l1-1-0.dll
0x000002817c410000 - 0x000002817c413000 	C:\Program Files\Java\javafx-sdk-18.0.1\bin\api-ms-win-core-localization-l1-2-0.dll
0x000002817c420000 - 0x000002817c423000 	C:\Program Files\Java\javafx-sdk-18.0.1\bin\api-ms-win-core-memory-l1-1-0.dll
0x000002817c430000 - 0x000002817c433000 	C:\Program Files\Java\javafx-sdk-18.0.1\bin\api-ms-win-core-namedpipe-l1-1-0.dll
0x000002817c440000 - 0x000002817c443000 	C:\Program Files\Java\javafx-sdk-18.0.1\bin\api-ms-win-core-processenvironment-l1-1-0.dll
0x000002817c450000 - 0x000002817c453000 	C:\Program Files\Java\javafx-sdk-18.0.1\bin\api-ms-win-core-processthreads-l1-1-0.dll
0x000002817c460000 - 0x000002817c463000 	C:\Program Files\Java\javafx-sdk-18.0.1\bin\api-ms-win-core-processthreads-l1-1-1.dll
0x000002817c470000 - 0x000002817c473000 	C:\Program Files\Java\javafx-sdk-18.0.1\bin\api-ms-win-core-profile-l1-1-0.dll
0x000002817c480000 - 0x000002817c483000 	C:\Program Files\Java\javafx-sdk-18.0.1\bin\api-ms-win-core-rtlsupport-l1-1-0.dll
0x000002817c490000 - 0x000002817c493000 	C:\Program Files\Java\javafx-sdk-18.0.1\bin\api-ms-win-core-string-l1-1-0.dll
0x000002817c4a0000 - 0x000002817c4a3000 	C:\Program Files\Java\javafx-sdk-18.0.1\bin\api-ms-win-core-synch-l1-1-0.dll
0x000002817c4b0000 - 0x000002817c4b3000 	C:\Program Files\Java\javafx-sdk-18.0.1\bin\api-ms-win-core-synch-l1-2-0.dll
0x000002817c4c0000 - 0x000002817c4c3000 	C:\Program Files\Java\javafx-sdk-18.0.1\bin\api-ms-win-core-sysinfo-l1-1-0.dll
0x000002817c4d0000 - 0x000002817c4d3000 	C:\Program Files\Java\javafx-sdk-18.0.1\bin\api-ms-win-core-timezone-l1-1-0.dll
0x000002817c4e0000 - 0x000002817c4e3000 	C:\Program Files\Java\javafx-sdk-18.0.1\bin\api-ms-win-core-util-l1-1-0.dll
0x000002817c4f0000 - 0x000002817c4f3000 	C:\Program Files\Java\javafx-sdk-18.0.1\bin\api-ms-win-crt-conio-l1-1-0.dll
0x000002817c500000 - 0x000002817c504000 	C:\Program Files\Java\javafx-sdk-18.0.1\bin\api-ms-win-crt-convert-l1-1-0.dll
0x000002817c640000 - 0x000002817c643000 	C:\Program Files\Java\javafx-sdk-18.0.1\bin\api-ms-win-crt-environment-l1-1-0.dll
0x000002817c510000 - 0x000002817c513000 	C:\Program Files\Java\javafx-sdk-18.0.1\bin\api-ms-win-crt-filesystem-l1-1-0.dll
0x000002817c520000 - 0x000002817c523000 	C:\Program Files\Java\javafx-sdk-18.0.1\bin\api-ms-win-crt-heap-l1-1-0.dll
0x000002817c530000 - 0x000002817c533000 	C:\Program Files\Java\javafx-sdk-18.0.1\bin\api-ms-win-crt-locale-l1-1-0.dll
0x000002817c540000 - 0x000002817c545000 	C:\Program Files\Java\javafx-sdk-18.0.1\bin\api-ms-win-crt-math-l1-1-0.dll
0x000002817c550000 - 0x000002817c555000 	C:\Program Files\Java\javafx-sdk-18.0.1\bin\api-ms-win-crt-multibyte-l1-1-0.dll
0x000002817c560000 - 0x000002817c570000 	C:\Program Files\Java\javafx-sdk-18.0.1\bin\api-ms-win-crt-private-l1-1-0.dll
0x000002817c570000 - 0x000002817c573000 	C:\Program Files\Java\javafx-sdk-18.0.1\bin\api-ms-win-crt-process-l1-1-0.dll
0x000002817c580000 - 0x000002817c584000 	C:\Program Files\Java\javafx-sdk-18.0.1\bin\api-ms-win-crt-runtime-l1-1-0.dll
0x000002817c590000 - 0x000002817c594000 	C:\Program Files\Java\javafx-sdk-18.0.1\bin\api-ms-win-crt-stdio-l1-1-0.dll
0x000002817c5a0000 - 0x000002817c5a4000 	C:\Program Files\Java\javafx-sdk-18.0.1\bin\api-ms-win-crt-string-l1-1-0.dll
0x000002817c5b0000 - 0x000002817c5b3000 	C:\Program Files\Java\javafx-sdk-18.0.1\bin\api-ms-win-crt-time-l1-1-0.dll
0x000002817c5c0000 - 0x000002817c5c3000 	C:\Program Files\Java\javafx-sdk-18.0.1\bin\api-ms-win-crt-utility-l1-1-0.dll
0x00007fffc8630000 - 0x00007fffc872c000 	C:\Program Files\Java\javafx-sdk-18.0.1\bin\ucrtbase.dll
0x00007fffc8f10000 - 0x00007fffc8f2a000 	C:\Program Files\Java\javafx-sdk-18.0.1\bin\vcruntime140.dll
0x00007fffca5f0000 - 0x00007fffca5fc000 	C:\Program Files\Java\javafx-sdk-18.0.1\bin\vcruntime140_1.dll
0x00007fffc82d0000 - 0x00007fffc835d000 	C:\Program Files\Java\javafx-sdk-18.0.1\bin\msvcp140.dll
0x00007fffc84b0000 - 0x00007fffc84dc000 	C:\Program Files\Java\javafx-sdk-18.0.1\bin\prism_d3d.dll
0x00007fff98930000 - 0x00007fff98aff000 	C:\Windows\system32\d3d9.dll
0x00007fffd1bd0000 - 0x00007fffd1bff000 	C:\Windows\SYSTEM32\dwmapi.dll
0x00007fffd16f0000 - 0x00007fffd178e000 	C:\Windows\system32\uxtheme.dll
0x00007fff9ad10000 - 0x00007fff9aeb2000 	C:\Windows\System32\DriverStore\FileRepository\iigd_dch.inf_amd64_1dc9fc8d5e442f6a\igdumdim64.dll
0x00007fffd6640000 - 0x00007fffd676a000 	C:\Windows\System32\ole32.dll
0x00007fffd4310000 - 0x00007fffd4337000 	C:\Windows\System32\bcrypt.dll
0x00007fff88b30000 - 0x00007fff8c740000 	C:\Windows\System32\DriverStore\FileRepository\iigd_dch.inf_amd64_1dc9fc8d5e442f6a\igd9dxva64.dll
0x00007fffd5f60000 - 0x00007fffd602d000 	C:\Windows\System32\OLEAUT32.dll
0x00007fffd6160000 - 0x00007fffd65d1000 	C:\Windows\System32\SETUPAPI.dll
0x00007fffd3ff0000 - 0x00007fffd403e000 	C:\Windows\System32\cfgmgr32.dll
0x00007fffc52a0000 - 0x00007fffc5667000 	C:\Windows\System32\DriverStore\FileRepository\iigd_dch.inf_amd64_1dc9fc8d5e442f6a\igdgmm64.dll
0x00007fffc07e0000 - 0x00007fffc0822000 	C:\Program Files\Java\javafx-sdk-18.0.1\bin\glass.dll
0x00007fffd6770000 - 0x00007fffd684b000 	C:\Windows\System32\COMDLG32.dll
0x00007fffd4ba0000 - 0x00007fffd4cb5000 	C:\Windows\System32\MSCTF.dll
0x00007fffc7380000 - 0x00007fffc73a7000 	C:\Windows\System32\DriverStore\FileRepository\iigd_dch.inf_amd64_1dc9fc8d5e442f6a\igdinfo64.dll
0x00007fffc1490000 - 0x00007fffc4a42000 	C:\Windows\System32\DriverStore\FileRepository\iigd_dch.inf_amd64_1dc9fc8d5e442f6a\igc64.dll
0x00007fffc72c0000 - 0x00007fffc72fb000 	C:\Windows\SYSTEM32\dxcore.dll
0x00007fffd33e0000 - 0x00007fffd34ab000 	C:\Windows\SYSTEM32\DNSAPI.dll
0x00007fffd33a0000 - 0x00007fffd33db000 	C:\Windows\SYSTEM32\IPHLPAPI.DLL
0x00007fffd4900000 - 0x00007fffd4908000 	C:\Windows\System32\NSI.dll
0x00007fffc74d0000 - 0x00007fffc74da000 	C:\Windows\System32\rasadhlp.dll
0x00007fffbd830000 - 0x00007fffbd8b0000 	C:\Windows\System32\fwpuclnt.dll
0x00007fffce630000 - 0x00007fffce639000 	C:\Program Files\Java\jdk-18.0.1.1\bin\management.dll
0x00007fffce600000 - 0x00007fffce60b000 	C:\Program Files\Java\jdk-18.0.1.1\bin\management_ext.dll

dbghelp: loaded successfully - version: 4.0.5 - missing functions: none
symbol engine: initialized successfully - sym options: 0x614 - pdb path: .;C:\Program Files\Java\jdk-18.0.1.1\bin;C:\Windows\SYSTEM32;C:\Windows\WinSxS\amd64_microsoft.windows.common-controls_6595b64144ccf1df_6.0.19041.1110_none_60b5254171f9507e;C:\Program Files\Java\jdk-18.0.1.1\bin\server;C:\Program Files\Java\javafx-sdk-18.0.1\bin;C:\Windows\System32\DriverStore\FileRepository\iigd_dch.inf_amd64_1dc9fc8d5e442f6a

VM Arguments:
jvm_args: --module-path=C:\Program Files\Java\javafx-sdk-18.0.1\lib --add-modules=javafx.controls,javafx.fxml -Dfile.encoding=UTF-8 -XX:+ShowCodeDetailsInExceptionMessages 
java_command: application.Tache
java_class_path (initial): C:\Users\HP\eclipse-workspace\ToDo\target\classes;C:\Program Files\Java\javafx-sdk-18.0.1\lib\javafx.base.jar;C:\Program Files\Java\javafx-sdk-18.0.1\lib\javafx.controls.jar;C:\Program Files\Java\javafx-sdk-18.0.1\lib\javafx.fxml.jar;C:\Program Files\Java\javafx-sdk-18.0.1\lib\javafx.graphics.jar;C:\Program Files\Java\javafx-sdk-18.0.1\lib\javafx.media.jar;C:\Program Files\Java\javafx-sdk-18.0.1\lib\javafx.swing.jar;C:\Program Files\Java\javafx-sdk-18.0.1\lib\javafx.web.jar;C:\Program Files\Java\javafx-sdk-18.0.1\lib\javafx-swt.jar;C:\Users\HP\.m2\repository\org\postgresql\postgresql\42.3.6\postgresql-42.3.6.jar;C:\Users\HP\.m2\repository\org\checkerframework\checker-qual\3.5.0\checker-qual-3.5.0.jar
Launcher Type: SUN_STANDARD

[Global flags]
     intx CICompilerCount                          = 3                                         {product} {ergonomic}
     uint ConcGCThreads                            = 1                                         {product} {ergonomic}
     uint G1ConcRefinementThreads                  = 4                                         {product} {ergonomic}
   size_t G1HeapRegionSize                         = 1048576                                   {product} {ergonomic}
    uintx GCDrainStackTargetSize                   = 64                                        {product} {ergonomic}
   size_t InitialHeapSize                          = 119537664                                 {product} {ergonomic}
   size_t MarkStackSize                            = 4194304                                   {product} {ergonomic}
   size_t MaxHeapSize                              = 1910505472                                {product} {ergonomic}
   size_t MaxNewSize                               = 1146093568                                {product} {ergonomic}
   size_t MinHeapDeltaBytes                        = 1048576                                   {product} {ergonomic}
   size_t MinHeapSize                              = 8388608                                   {product} {ergonomic}
    uintx NonNMethodCodeHeapSize                   = 5832780                                {pd product} {ergonomic}
    uintx NonProfiledCodeHeapSize                  = 122912730                              {pd product} {ergonomic}
    uintx ProfiledCodeHeapSize                     = 122912730                              {pd product} {ergonomic}
    uintx ReservedCodeCacheSize                    = 251658240                              {pd product} {ergonomic}
     bool SegmentedCodeCache                       = true                                      {product} {ergonomic}
     bool ShowCodeDetailsInExceptionMessages       = true                                   {manageable} {command line}
   size_t SoftMaxHeapSize                          = 1910505472                             {manageable} {ergonomic}
     bool UseCompressedClassPointers               = true                           {product lp64_product} {ergonomic}
     bool UseCompressedOops                        = true                           {product lp64_product} {ergonomic}
     bool UseG1GC                                  = true                                      {product} {ergonomic}
     bool UseLargePagesIndividualAllocation        = false                                  {pd product} {ergonomic}

Logging:
Log output configuration:
 #0: stdout all=warning uptime,level,tags foldmultilines=false
 #1: stderr all=off uptime,level,tags foldmultilines=false

Environment Variables:
PATH=C:\Program Files\Common Files\Oracle\Java\javapath;C:\Windows\system32;C:\Windows;C:\Windows\System32\Wbem;C:\Windows\System32\WindowsPowerShell\v1.0\;C:\Windows\System32\OpenSSH\;C:\Program Files\Git\cmd;C:\Users\HP\AppData\Local\Microsoft\WindowsApps;
USERNAME=HP
OS=Windows_NT
PROCESSOR_IDENTIFIER=Intel64 Family 6 Model 78 Stepping 3, GenuineIntel



---------------  S Y S T E M  ---------------

OS:
 Windows 10 , 64 bit Build 19041 (10.0.19041.1706)
OS uptime: 7 days 8:39 hours

CPU: total 4 (initial active 4) (2 cores per cpu, 2 threads per core) family 6 model 78 stepping 3 microcode 0xcc, cx8, cmov, fxsr, ht, mmx, 3dnowpref, sse, sse2, sse3, ssse3, sse4.1, sse4.2, popcnt, lzcnt, tsc, tscinvbit, avx, avx2, aes, erms, clmul, bmi1, bmi2, rtm, adx, fma, vzeroupper, clflush, clflushopt

Memory: 4k page, system-wide physical 7280M (892M free)
TotalPageFile size 29808M (AvailPageFile size 3M)
current process WorkingSet (physical memory assigned to process): 97M, peak: 97M
current process commit charge ("private bytes"): 233M, peak: 235M

vm_info: Java HotSpot(TM) 64-Bit Server VM (18.0.1.1+2-6) for windows-amd64 JRE (18.0.1.1+2-6), built on Apr 25 2022 21:53:15 by "mach5one" with MS VC++ 16.8 / 16.9 (VS2019)

END.
