#
# There is insufficient memory for the Java Runtime Environment to continue.
# Native memory allocation (mmap) failed to map 65536 bytes for Failed to commit metaspace.
# Possible reasons:
#   The system is out of physical RAM or swap space
#   The process is running with CompressedOops enabled, and the Java Heap may be blocking the growth of the native heap
# Possible solutions:
#   Reduce memory load on the system
#   Increase physical memory or swap space
#   Check if swap backing store is full
#   Decrease Java heap size (-Xmx/-Xms)
#   Decrease number of Java threads
#   Decrease Java thread stack sizes (-Xss)
#   Set larger code cache with -XX:ReservedCodeCacheSize=
#   JVM is running with Unscaled Compressed Oops mode in which the Java heap is
#     placed in the first 4GB address space. The Java Heap base address is the
#     maximum limit for the native heap growth. Please use -XX:HeapBaseMinAddress
#     to set the Java Heap base and to place the Java Heap above 4GB virtual address.
# This output file may be truncated or incomplete.
#
#  Out of Memory Error (virtualSpaceNode.cpp:110), pid=25800, tid=23720
#
# JRE version: Java(TM) SE Runtime Environment (18.0.1.1+2) (build 18.0.1.1+2-6)
# Java VM: Java HotSpot(TM) 64-Bit Server VM (18.0.1.1+2-6, mixed mode, sharing, tiered, compressed oops, compressed class ptrs, g1 gc, windows-amd64)
# No core dump will be written. Minidumps are not enabled by default on client versions of Windows
#

---------------  S U M M A R Y ------------

Command Line: --module-path=C:\Program Files\Java\javafx-sdk-18.0.1\lib --add-modules=javafx.controls,javafx.fxml -Dfile.encoding=UTF-8 -XX:+ShowCodeDetailsInExceptionMessages application.Tache

Host: Intel(R) Core(TM) i5-6300U CPU @ 2.40GHz, 4 cores, 7G,  Windows 10 , 64 bit Build 19041 (10.0.19041.1706)
Time: Tue Jun 21 18:05:05 2022 Paris, Madrid (heure duild 19041 (10.0.19041.1706) elapsed time: 1.061760 seconds (0d 0h 0m 1s)

---------------  T H R E A D  ---------------

Current thread (0x000001f1b9caee60):  JavaThread "main" [_thread_in_vm, id=23720, stack(0x000000ec55c00000,0x000000ec55d00000)]

Stack: [0x000000ec55c00000,0x000000ec55d00000]
Native frames: (J=compiled Java code, j=interpreted, Vv=VM code, C=native code)
V  [jvm.dll+0x69887a]
V  [jvm.dll+0x7f38bd]
V  [jvm.dll+0x7f51ce]
V  [jvm.dll+0x7f5883]
V  [jvm.dll+0x25ca3f]
V  [jvm.dll+0x7ef5cb]
V  [jvm.dll+0x63ea76]
V  [jvm.dll+0x1d721e]
V  [jvm.dll+0x64141b]
V  [jvm.dll+0x64121e]
V  [jvm.dll+0x63f43e]
V  [jvm.dll+0x2524a0]
V  [jvm.dll+0x202d5d]
V  [jvm.dll+0x1f8781]
V  [jvm.dll+0x55d685]
V  [jvm.dll+0x76db23]
V  [jvm.dll+0x76dc04]
V  [jvm.dll+0x42d234]
V  [jvm.dll+0x432f3f]
C  [java.dll+0x17ec]

Java frames: (J=compiled Java code, j=interpreted, Vv=VM code)
J 1133  java.lang.ClassLoader.defineClass1(Ljava/lang/ClassLoader;Ljava/lang/String;[BIILjava/security/ProtectionDomain;Ljava/lang/String;)Ljava/lang/Class; java.base@18.0.1.1 (0 bytes) @ 0x000001f1ca923163 [0x000001f1ca9230a0+0x00000000000000c3]
J 1132 c1 java.lang.ClassLoader.defineClass(Ljava/lang/String;[BIILjava/security/ProtectionDomain;)Ljava/lang/Class; java.base@18.0.1.1 (43 bytes) @ 0x000001f1c3553cd4 [0x000001f1c3553980+0x0000000000000354]
j  java.security.SecureClassLoader.defineClass(Ljava/lang/String;[BIILjava/security/CodeSource;)Ljava/lang/Class;+12 java.base@18.0.1.1
j  jdk.internal.loader.BuiltinClassLoader.defineClass(Ljava/lang/String;Ljdk/internal/loader/Resource;)Ljava/lang/Class;+117 java.base@18.0.1.1
j  jdk.internal.loader.BuiltinClassLoader.findClassOnClassPathOrNull(Ljava/lang/String;)Ljava/lang/Class;+37 java.base@18.0.1.1
J 664 c1 jdk.internal.loader.BuiltinClassLoader.loadClassOrNull(Ljava/lang/String;Z)Ljava/lang/Class; java.base@18.0.1.1 (143 bytes) @ 0x000001f1c3472eb4 [0x000001f1c3472440+0x0000000000000a74]
J 811 c1 jdk.internal.loader.ClassLoaders$AppClassLoader.loadClass(Ljava/lang/String;Z)Ljava/lang/Class; java.base@18.0.1.1 (40 bytes) @ 0x000001f1c34b10c4 [0x000001f1c34b0ee0+0x00000000000001e4]
J 665 c1 java.lang.ClassLoader.loadClass(Ljava/lang/String;)Ljava/lang/Class; java.base@18.0.1.1 (7 bytes) @ 0x000001f1c3473ccc [0x000001f1c3473bc0+0x000000000000010c]
v  ~StubRoutines::call_stub
j  org.postgresql.core.v3.ConnectionFactoryImpl.openConnectionImpl([Lorg/postgresql/util/HostSpec;Ljava/util/Properties;)Lorg/postgresql/core/QueryExecutor;+472
j  org.postgresql.core.ConnectionFactory.openConnection([Lorg/postgresql/util/HostSpec;Ljava/util/Properties;)Lorg/postgresql/core/QueryExecutor;+39
j  org.postgresql.jdbc.PgConnection.<init>([Lorg/postgresql/util/HostSpec;Ljava/util/Properties;Ljava/lang/String;)V+113
j  org.postgresql.Driver.makeConnection(Ljava/lang/String;Ljava/util/Properties;)Ljava/sql/Connection;+10
j  org.postgresql.Driver.connect(Ljava/lang/String;Ljava/util/Properties;)Ljava/sql/Connection;+235
j  java.sql.DriverManager.getConnection(Ljava/lang/String;Ljava/util/Properties;Ljava/lang/Class;)Ljava/sql/Connection;+133 java.sql@18.0.1.1
j  java.sql.DriverManager.getConnection(Ljava/lang/String;Ljava/lang/String;Ljava/lang/String;)Ljava/sql/Connection;+37 java.sql@18.0.1.1
j  connexion.Connexion.getConnect()Ljava/sql/Connection;+15
j  dao.implement_dao_task.<init>()V+5
j  application.Tache.main([Ljava/lang/String;)V+4
j  java.lang.invoke.LambdaForm$DMH+0x0000000800c04400.invokeStatic(Ljava/lang/Object;Ljava/lang/Object;)V+10 java.base@18.0.1.1
j  java.lang.invoke.LambdaForm$MH+0x0000000800c81400.invoke(Ljava/lang/Object;Ljava/lang/Object;Ljava/lang/Object;)Ljava/lang/Object;+33 java.base@18.0.1.1
j  java.lang.invoke.Invokers$Holder.invokeExact_MT(Ljava/lang/Object;Ljava/lang/Object;Ljava/lang/Object;Ljava/lang/Object;)Ljava/lang/Object;+20 java.base@18.0.1.1
j  jdk.internal.reflect.DirectMethodHandleAccessor.invokeImpl(Ljava/lang/Object;[Ljava/lang/Object;)Ljava/lang/Object;+55 java.base@18.0.1.1
j  jdk.internal.reflect.DirectMethodHandleAccessor.invoke(Ljava/lang/Object;[Ljava/lang/Object;)Ljava/lang/Object;+23 java.base@18.0.1.1
j  java.lang.reflect.Method.invoke(Ljava/lang/Object;[Ljava/lang/Object;)Ljava/lang/Object;+102 java.base@18.0.1.1
j  com.sun.javafx.application.LauncherImpl.launchApplicationWithArgs(Lcom/sun/javafx/application/ModuleAccess;Ljava/lang/String;Ljava/lang/String;[Ljava/lang/String;)V+150 javafx.graphics@18.0.1
j  com.sun.javafx.application.LauncherImpl.launchApplication(Ljava/lang/String;Ljava/lang/String;[Ljava/lang/String;)V+483 javafx.graphics@18.0.1
j  java.lang.invoke.LambdaForm$DMH+0x0000000800c02400.invokeStatic(Ljava/lang/Object;Ljava/lang/Object;Ljava/lang/Object;Ljava/lang/Object;)V+14 java.base@18.0.1.1
j  java.lang.invoke.LambdaForm$MH+0x0000000800c03c00.invoke(Ljava/lang/Object;Ljava/lang/Object;Ljava/lang/Object;Ljava/lang/Object;Ljava/lang/Object;)Ljava/lang/Object;+68 java.base@18.0.1.1
j  java.lang.invoke.LambdaForm$MH+0x0000000800c04000.invokeExact_MT(Ljava/lang/Object;Ljava/lang/Object;Ljava/lang/Object;Ljava/lang/Object;Ljava/lang/Object;Ljava/lang/Object;)Ljava/lang/Object;+24 java.base@18.0.1.1
j  jdk.internal.reflect.DirectMethodHandleAccessor.invokeImpl(Ljava/lang/Object;[Ljava/lang/Object;)Ljava/lang/Object;+92 java.base@18.0.1.1
j  jdk.internal.reflect.DirectMethodHandleAccessor.invoke(Ljava/lang/Object;[Ljava/lang/Object;)Ljava/lang/Object;+23 java.base@18.0.1.1
j  java.lang.reflect.Method.invoke(Ljava/lang/Object;[Ljava/lang/Object;)Ljava/lang/Object;+102 java.base@18.0.1.1
j  sun.launcher.LauncherHelper$FXHelper.main([Ljava/lang/String;)V+52 java.base@18.0.1.1
v  ~StubRoutines::call_stub

---------------  P R O C E S S  ---------------

Threads class SMR info:
_java_thread_list=0x000001f1de424210, length=17, elements={
0x000001f1b9caee60, 0x000001f1d8d62a50, 0x000001f1d8d63840, 0x000001f1d8d79d70,
0x000001f1d8d7c630, 0x000001f1d8d89750, 0x000001f1d8d89c20, 0x000001f1d8d7ea00,
0x000001f1d8d8b480, 0x000001f1d8d8c550, 0x000001f1d8d8a0f0, 0x000001f1dd126350,
0x000001f1d8d8aa90, 0x000001f1d8d88410, 0x000001f1d8d89280, 0x000001f1d8d888e0,
0x000001f1d8d8a5c0
}

Java Threads: ( => current thread )
=>0x000001f1b9caee60 JavaThread "main" [_thread_in_vm, id=23720, stack(0x000000ec55c00000,0x000000ec55d00000)]
  0x000001f1d8d62a50 JavaThread "Reference Handler" daemon [_thread_blocked, id=25812, stack(0x000000ec56300000,0x000000ec56400000)]
  0x000001f1d8d63840 JavaThread "Finalizer" daemon [_thread_blocked, id=27096, stack(0x000000ec56400000,0x000000ec56500000)]
  0x000001f1d8d79d70 JavaThread "Signal Dispatcher" daemon [_thread_blocked, id=19660, stack(0x000000ec56500000,0x000000ec56600000)]
  0x000001f1d8d7c630 JavaThread "Attach Listener" daemon [_thread_blocked, id=8896, stack(0x000000ec56600000,0x000000ec56700000)]
  0x000001f1d8d89750 JavaThread "Service Thread" daemon [_thread_blocked, id=12176, stack(0x000000ec56700000,0x000000ec56800000)]
  0x000001f1d8d89c20 JavaThread "Monitor Deflation Thread" daemon [_thread_blocked, id=20028, stack(0x000000ec56800000,0x000000ec56900000)]
  0x000001f1d8d7ea00 JavaThread "C2 CompilerThread0" daemon [_thread_blocked, id=13368, stack(0x000000ec56900000,0x000000ec56a00000)]
  0x000001f1d8d8b480 JavaThread "C1 CompilerThread0" daemon [_thread_blocked, id=27144, stack(0x000000ec56a00000,0x000000ec56b00000)]
  0x000001f1d8d8c550 JavaThread "Sweeper thread" daemon [_thread_blocked, id=27964, stack(0x000000ec56b00000,0x000000ec56c00000)]
  0x000001f1d8d8a0f0 JavaThread "Common-Cleaner" daemon [_thread_blocked, id=13640, stack(0x000000ec56c00000,0x000000ec56d00000)]
  0x000001f1dd126350 JavaThread "C2 CompilerThread1" daemon [_thread_in_native, id=28424, stack(0x000000ec56d00000,0x000000ec56e00000)]
  0x000001f1d8d8aa90 JavaThread "Notification Thread" daemon [_thread_blocked, id=26536, stack(0x000000ec56e00000,0x000000ec56f00000)]
  0x000001f1d8d88410 JavaThread "QuantumRenderer-0" daemon [_thread_blocked, id=17532, stack(0x000000ec57000000,0x000000ec57100000)]
  0x000001f1d8d89280 JavaThread "InvokeLaterDispatcher" daemon [_thread_blocked, id=16852, stack(0x000000ec57100000,0x000000ec57200000)]
  0x000001f1d8d888e0 JavaThread "JavaFX Application Thread" [_thread_in_native, id=26792, stack(0x000000ec57200000,0x000000ec57300000)]
  0x000001f1d8d8a5c0 JavaThread "Thread-1" daemon [_thread_in_native, id=20656, stack(0x000000ec57900000,0x000000ec57a00000)]

Other Threads:
  0x000001f1b9d7eb20 VMThread "VM Thread" [stack: 0x000000ec56200000,0x000000ec56300000] [id=28000]
  0x000001f1d8d79950 WatcherThread "VM Periodic Task Thread" [stack: 0x000000ec56f00000,0x000000ec57000000] [id=26076]
  0x000001f1b9d07e30 WorkerThread "GC Thread#0" [stack: 0x000000ec55d00000,0x000000ec55e00000] [id=28628]
  0x000001f1de309b80 WorkerThread "GC Thread#1" [stack: 0x000000ec57600000,0x000000ec57700000] [id=2392]
  0x000001f1de309640 WorkerThread "GC Thread#2" [stack: 0x000000ec57700000,0x000000ec57800000] [id=18568]
  0x000001f1de30a0c0 WorkerThread "GC Thread#3" [stack: 0x000000ec57800000,0x000000ec57900000] [id=25656]
  0x000001f1b9d178c0 ConcurrentGCThread "G1 Main Marker" [stack: 0x000000ec55e00000,0x000000ec55f00000] [id=27896]
  0x000001f1b9d192c0 WorkerThread "G1 Conc#0" [stack: 0x000000ec55f00000,0x000000ec56000000] [id=23124]
  0x000001f1b9d58cf0 ConcurrentGCThread "G1 Refine#0" [stack: 0x000000ec56000000,0x000000ec56100000] [id=5008]
  0x000001f1b9d5a530 ConcurrentGCThread "G1 Service" [stack: 0x000000ec56100000,0x000000ec56200000] [id=8728]

Threads with active compile tasks:
C2 CompilerThread1     1105 1118 % !   4       com.sun.crypto.provider.PBKDF2KeyImpl::deriveKey @ 191 (295 bytes)

VM state: not at safepoint (normal execution)

VM Mutex/Monitor currently owned by a thread:  ([mutex/lock_event])
[0x000001f1b9ca9d00] Metaspace_lock - owner thread: 0x000001f1b9caee60

Heap address: 0x000000008e200000, size: 1822 MB, Compressed Oops mode: 32-bit

CDS archive(s) mapped at: [0x0000000800000000-0x0000000800ba0000-0x0000000800ba0000), size 12189696, SharedBaseAddress: 0x0000000800000000, ArchiveRelocationMode: 0.
Compressed class space mapped at: 0x0000000800c00000-0x0000000840c00000, reserved size: 1073741824
Narrow klass base: 0x0000000800000000, Narrow klass shift: 0, Narrow klass range: 0x100000000

GC Precious Log:
 CardTable entry size: 512
 Card Set container configuration: InlinePtr #cards 5 size 8 Array Of Cards #cards 12 size 40 Howl #buckets 4 coarsen threshold 1843 Howl Bitmap #cards 512 size 80 coarsen threshold 460 Card regions per heap region 1 cards per card region 2048
 CPUs: 4 total, 4 available
 Memory: 7280M
 Large Page Support: Disabled
 NUMA Support: Disabled
 Compressed Oops: Enabled (32-bit)
 Heap Region Size: 1M
 Heap Min Capacity: 8M
 Heap Initial Capacity: 114M
 Heap Max Capacity: 1822M
 Pre-touch: Disabled
 Parallel Workers: 4
 Concurrent Workers: 1
 Concurrent Refinement Workers: 4
 Periodic GC: Disabled

Heap:
 garbage-first heap   total 116736K, used 9816K [0x000000008e200000, 0x0000000100000000)
  region size 1024K, 11 young (11264K), 2 survivors (2048K)
 Metaspace       used 6371K, committed 6592K, reserved 1114112K
  class space    used 699K, committed 832K, reserved 1048576K

Heap Regions: E=young(eden), S=young(survivor), O=old, HS=humongous(starts), HC=humongous(continues), CS=collection set, F=free, OA=open archive, CA=closed archive, TAMS=top-at-mark-start (previous, next)
|   0|0x000000008e200000, 0x000000008e200000, 0x000000008e300000|  0%| F|  |TAMS 0x000000008e200000, 0x000000008e200000| Untracked 
|   1|0x000000008e300000, 0x000000008e300000, 0x000000008e400000|  0%| F|  |TAMS 0x000000008e300000, 0x000000008e300000| Untracked 
|   2|0x000000008e400000, 0x000000008e400000, 0x000000008e500000|  0%| F|  |TAMS 0x000000008e400000, 0x000000008e400000| Untracked 
|   3|0x000000008e500000, 0x000000008e500000, 0x000000008e600000|  0%| F|  |TAMS 0x000000008e500000, 0x000000008e500000| Untracked 
|   4|0x000000008e600000, 0x000000008e600000, 0x000000008e700000|  0%| F|  |TAMS 0x000000008e600000, 0x000000008e600000| Untracked 
|   5|0x000000008e700000, 0x000000008e700000, 0x000000008e800000|  0%| F|  |TAMS 0x000000008e700000, 0x000000008e700000| Untracked 
|   6|0x000000008e800000, 0x000000008e800000, 0x000000008e900000|  0%| F|  |TAMS 0x000000008e800000, 0x000000008e800000| Untracked 
|   7|0x000000008e900000, 0x000000008e900000, 0x000000008ea00000|  0%| F|  |TAMS 0x000000008e900000, 0x000000008e900000| Untracked 
|   8|0x000000008ea00000, 0x000000008ea00000, 0x000000008eb00000|  0%| F|  |TAMS 0x000000008ea00000, 0x000000008ea00000| Untracked 
|   9|0x000000008eb00000, 0x000000008eb00000, 0x000000008ec00000|  0%| F|  |TAMS 0x000000008eb00000, 0x000000008eb00000| Untracked 
|  10|0x000000008ec00000, 0x000000008ec00000, 0x000000008ed00000|  0%| F|  |TAMS 0x000000008ec00000, 0x000000008ec00000| Untracked 
|  11|0x000000008ed00000, 0x000000008ed00000, 0x000000008ee00000|  0%| F|  |TAMS 0x000000008ed00000, 0x000000008ed00000| Untracked 
|  12|0x000000008ee00000, 0x000000008ee00000, 0x000000008ef00000|  0%| F|  |TAMS 0x000000008ee00000, 0x000000008ee00000| Untracked 
|  13|0x000000008ef00000, 0x000000008ef00000, 0x000000008f000000|  0%| F|  |TAMS 0x000000008ef00000, 0x000000008ef00000| Untracked 
|  14|0x000000008f000000, 0x000000008f000000, 0x000000008f100000|  0%| F|  |TAMS 0x000000008f000000, 0x000000008f000000| Untracked 
|  15|0x000000008f100000, 0x000000008f100000, 0x000000008f200000|  0%| F|  |TAMS 0x000000008f100000, 0x000000008f100000| Untracked 
|  16|0x000000008f200000, 0x000000008f200000, 0x000000008f300000|  0%| F|  |TAMS 0x000000008f200000, 0x000000008f200000| Untracked 
|  17|0x000000008f300000, 0x000000008f300000, 0x000000008f400000|  0%| F|  |TAMS 0x000000008f300000, 0x000000008f300000| Untracked 
|  18|0x000000008f400000, 0x000000008f400000, 0x000000008f500000|  0%| F|  |TAMS 0x000000008f400000, 0x000000008f400000| Untracked 
|  19|0x000000008f500000, 0x000000008f500000, 0x000000008f600000|  0%| F|  |TAMS 0x000000008f500000, 0x000000008f500000| Untracked 
|  20|0x000000008f600000, 0x000000008f600000, 0x000000008f700000|  0%| F|  |TAMS 0x000000008f600000, 0x000000008f600000| Untracked 
|  21|0x000000008f700000, 0x000000008f700000, 0x000000008f800000|  0%| F|  |TAMS 0x000000008f700000, 0x000000008f700000| Untracked 
|  22|0x000000008f800000, 0x000000008f800000, 0x000000008f900000|  0%| F|  |TAMS 0x000000008f800000, 0x000000008f800000| Untracked 
|  23|0x000000008f900000, 0x000000008f900000, 0x000000008fa00000|  0%| F|  |TAMS 0x000000008f900000, 0x000000008f900000| Untracked 
|  24|0x000000008fa00000, 0x000000008fa00000, 0x000000008fb00000|  0%| F|  |TAMS 0x000000008fa00000, 0x000000008fa00000| Untracked 
|  25|0x000000008fb00000, 0x000000008fb00000, 0x000000008fc00000|  0%| F|  |TAMS 0x000000008fb00000, 0x000000008fb00000| Untracked 
|  26|0x000000008fc00000, 0x000000008fc00000, 0x000000008fd00000|  0%| F|  |TAMS 0x000000008fc00000, 0x000000008fc00000| Untracked 
|  27|0x000000008fd00000, 0x000000008fd00000, 0x000000008fe00000|  0%| F|  |TAMS 0x000000008fd00000, 0x000000008fd00000| Untracked 
|  28|0x000000008fe00000, 0x000000008fe00000, 0x000000008ff00000|  0%| F|  |TAMS 0x000000008fe00000, 0x000000008fe00000| Untracked 
|  29|0x000000008ff00000, 0x000000008ff00000, 0x0000000090000000|  0%| F|  |TAMS 0x000000008ff00000, 0x000000008ff00000| Untracked 
|  30|0x0000000090000000, 0x0000000090000000, 0x0000000090100000|  0%| F|  |TAMS 0x0000000090000000, 0x0000000090000000| Untracked 
|  31|0x0000000090100000, 0x0000000090100000, 0x0000000090200000|  0%| F|  |TAMS 0x0000000090100000, 0x0000000090100000| Untracked 
|  32|0x0000000090200000, 0x0000000090200000, 0x0000000090300000|  0%| F|  |TAMS 0x0000000090200000, 0x0000000090200000| Untracked 
|  33|0x0000000090300000, 0x0000000090300000, 0x0000000090400000|  0%| F|  |TAMS 0x0000000090300000, 0x0000000090300000| Untracked 
|  34|0x0000000090400000, 0x0000000090400000, 0x0000000090500000|  0%| F|  |TAMS 0x0000000090400000, 0x0000000090400000| Untracked 
|  35|0x0000000090500000, 0x0000000090500000, 0x0000000090600000|  0%| F|  |TAMS 0x0000000090500000, 0x0000000090500000| Untracked 
|  36|0x0000000090600000, 0x0000000090600000, 0x0000000090700000|  0%| F|  |TAMS 0x0000000090600000, 0x0000000090600000| Untracked 
|  37|0x0000000090700000, 0x0000000090700000, 0x0000000090800000|  0%| F|  |TAMS 0x0000000090700000, 0x0000000090700000| Untracked 
|  38|0x0000000090800000, 0x0000000090800000, 0x0000000090900000|  0%| F|  |TAMS 0x0000000090800000, 0x0000000090800000| Untracked 
|  39|0x0000000090900000, 0x0000000090900000, 0x0000000090a00000|  0%| F|  |TAMS 0x0000000090900000, 0x0000000090900000| Untracked 
|  40|0x0000000090a00000, 0x0000000090a00000, 0x0000000090b00000|  0%| F|  |TAMS 0x0000000090a00000, 0x0000000090a00000| Untracked 
|  41|0x0000000090b00000, 0x0000000090b00000, 0x0000000090c00000|  0%| F|  |TAMS 0x0000000090b00000, 0x0000000090b00000| Untracked 
|  42|0x0000000090c00000, 0x0000000090c00000, 0x0000000090d00000|  0%| F|  |TAMS 0x0000000090c00000, 0x0000000090c00000| Untracked 
|  43|0x0000000090d00000, 0x0000000090d00000, 0x0000000090e00000|  0%| F|  |TAMS 0x0000000090d00000, 0x0000000090d00000| Untracked 
|  44|0x0000000090e00000, 0x0000000090e00000, 0x0000000090f00000|  0%| F|  |TAMS 0x0000000090e00000, 0x0000000090e00000| Untracked 
|  45|0x0000000090f00000, 0x0000000090f00000, 0x0000000091000000|  0%| F|  |TAMS 0x0000000090f00000, 0x0000000090f00000| Untracked 
|  46|0x0000000091000000, 0x0000000091000000, 0x0000000091100000|  0%| F|  |TAMS 0x0000000091000000, 0x0000000091000000| Untracked 
|  47|0x0000000091100000, 0x0000000091100000, 0x0000000091200000|  0%| F|  |TAMS 0x0000000091100000, 0x0000000091100000| Untracked 
|  48|0x0000000091200000, 0x0000000091200000, 0x0000000091300000|  0%| F|  |TAMS 0x0000000091200000, 0x0000000091200000| Untracked 
|  49|0x0000000091300000, 0x0000000091300000, 0x0000000091400000|  0%| F|  |TAMS 0x0000000091300000, 0x0000000091300000| Untracked 
|  50|0x0000000091400000, 0x0000000091400000, 0x0000000091500000|  0%| F|  |TAMS 0x0000000091400000, 0x0000000091400000| Untracked 
|  51|0x0000000091500000, 0x0000000091500000, 0x0000000091600000|  0%| F|  |TAMS 0x0000000091500000, 0x0000000091500000| Untracked 
|  52|0x0000000091600000, 0x0000000091600000, 0x0000000091700000|  0%| F|  |TAMS 0x0000000091600000, 0x0000000091600000| Untracked 
|  53|0x0000000091700000, 0x0000000091700000, 0x0000000091800000|  0%| F|  |TAMS 0x0000000091700000, 0x0000000091700000| Untracked 
|  54|0x0000000091800000, 0x0000000091800000, 0x0000000091900000|  0%| F|  |TAMS 0x0000000091800000, 0x0000000091800000| Untracked 
|  55|0x0000000091900000, 0x0000000091900000, 0x0000000091a00000|  0%| F|  |TAMS 0x0000000091900000, 0x0000000091900000| Untracked 
|  56|0x0000000091a00000, 0x0000000091a00000, 0x0000000091b00000|  0%| F|  |TAMS 0x0000000091a00000, 0x0000000091a00000| Untracked 
|  57|0x0000000091b00000, 0x0000000091b00000, 0x0000000091c00000|  0%| F|  |TAMS 0x0000000091b00000, 0x0000000091b00000| Untracked 
|  58|0x0000000091c00000, 0x0000000091c00000, 0x0000000091d00000|  0%| F|  |TAMS 0x0000000091c00000, 0x0000000091c00000| Untracked 
|  59|0x0000000091d00000, 0x0000000091d00000, 0x0000000091e00000|  0%| F|  |TAMS 0x0000000091d00000, 0x0000000091d00000| Untracked 
|  60|0x0000000091e00000, 0x0000000091e00000, 0x0000000091f00000|  0%| F|  |TAMS 0x0000000091e00000, 0x0000000091e00000| Untracked 
|  61|0x0000000091f00000, 0x0000000091f00000, 0x0000000092000000|  0%| F|  |TAMS 0x0000000091f00000, 0x0000000091f00000| Untracked 
|  62|0x0000000092000000, 0x0000000092000000, 0x0000000092100000|  0%| F|  |TAMS 0x0000000092000000, 0x0000000092000000| Untracked 
|  63|0x0000000092100000, 0x0000000092100000, 0x0000000092200000|  0%| F|  |TAMS 0x0000000092100000, 0x0000000092100000| Untracked 
|  64|0x0000000092200000, 0x0000000092200000, 0x0000000092300000|  0%| F|  |TAMS 0x0000000092200000, 0x0000000092200000| Untracked 
|  65|0x0000000092300000, 0x0000000092300000, 0x0000000092400000|  0%| F|  |TAMS 0x0000000092300000, 0x0000000092300000| Untracked 
|  66|0x0000000092400000, 0x0000000092400000, 0x0000000092500000|  0%| F|  |TAMS 0x0000000092400000, 0x0000000092400000| Untracked 
|  67|0x0000000092500000, 0x0000000092500000, 0x0000000092600000|  0%| F|  |TAMS 0x0000000092500000, 0x0000000092500000| Untracked 
|  68|0x0000000092600000, 0x0000000092600000, 0x0000000092700000|  0%| F|  |TAMS 0x0000000092600000, 0x0000000092600000| Untracked 
|  69|0x0000000092700000, 0x0000000092700000, 0x0000000092800000|  0%| F|  |TAMS 0x0000000092700000, 0x0000000092700000| Untracked 
|  70|0x0000000092800000, 0x0000000092800000, 0x0000000092900000|  0%| F|  |TAMS 0x0000000092800000, 0x0000000092800000| Untracked 
|  71|0x0000000092900000, 0x0000000092900000, 0x0000000092a00000|  0%| F|  |TAMS 0x0000000092900000, 0x0000000092900000| Untracked 
|  72|0x0000000092a00000, 0x0000000092a00000, 0x0000000092b00000|  0%| F|  |TAMS 0x0000000092a00000, 0x0000000092a00000| Untracked 
|  73|0x0000000092b00000, 0x0000000092b00000, 0x0000000092c00000|  0%| F|  |TAMS 0x0000000092b00000, 0x0000000092b00000| Untracked 
|  74|0x0000000092c00000, 0x0000000092c00000, 0x0000000092d00000|  0%| F|  |TAMS 0x0000000092c00000, 0x0000000092c00000| Untracked 
|  75|0x0000000092d00000, 0x0000000092d00000, 0x0000000092e00000|  0%| F|  |TAMS 0x0000000092d00000, 0x0000000092d00000| Untracked 
|  76|0x0000000092e00000, 0x0000000092e00000, 0x0000000092f00000|  0%| F|  |TAMS 0x0000000092e00000, 0x0000000092e00000| Untracked 
|  77|0x0000000092f00000, 0x0000000092f00000, 0x0000000093000000|  0%| F|  |TAMS 0x0000000092f00000, 0x0000000092f00000| Untracked 
|  78|0x0000000093000000, 0x0000000093000000, 0x0000000093100000|  0%| F|  |TAMS 0x0000000093000000, 0x0000000093000000| Untracked 
|  79|0x0000000093100000, 0x0000000093100000, 0x0000000093200000|  0%| F|  |TAMS 0x0000000093100000, 0x0000000093100000| Untracked 
|  80|0x0000000093200000, 0x0000000093200000, 0x0000000093300000|  0%| F|  |TAMS 0x0000000093200000, 0x0000000093200000| Untracked 
|  81|0x0000000093300000, 0x0000000093300000, 0x0000000093400000|  0%| F|  |TAMS 0x0000000093300000, 0x0000000093300000| Untracked 
|  82|0x0000000093400000, 0x0000000093400000, 0x0000000093500000|  0%| F|  |TAMS 0x0000000093400000, 0x0000000093400000| Untracked 
|  83|0x0000000093500000, 0x0000000093500000, 0x0000000093600000|  0%| F|  |TAMS 0x0000000093500000, 0x0000000093500000| Untracked 
|  84|0x0000000093600000, 0x0000000093600000, 0x0000000093700000|  0%| F|  |TAMS 0x0000000093600000, 0x0000000093600000| Untracked 
|  85|0x0000000093700000, 0x0000000093700000, 0x0000000093800000|  0%| F|  |TAMS 0x0000000093700000, 0x0000000093700000| Untracked 
|  86|0x0000000093800000, 0x0000000093800000, 0x0000000093900000|  0%| F|  |TAMS 0x0000000093800000, 0x0000000093800000| Untracked 
|  87|0x0000000093900000, 0x0000000093900000, 0x0000000093a00000|  0%| F|  |TAMS 0x0000000093900000, 0x0000000093900000| Untracked 
|  88|0x0000000093a00000, 0x0000000093a00000, 0x0000000093b00000|  0%| F|  |TAMS 0x0000000093a00000, 0x0000000093a00000| Untracked 
|  89|0x0000000093b00000, 0x0000000093b00000, 0x0000000093c00000|  0%| F|  |TAMS 0x0000000093b00000, 0x0000000093b00000| Untracked 
|  90|0x0000000093c00000, 0x0000000093c00000, 0x0000000093d00000|  0%| F|  |TAMS 0x0000000093c00000, 0x0000000093c00000| Untracked 
|  91|0x0000000093d00000, 0x0000000093d00000, 0x0000000093e00000|  0%| F|  |TAMS 0x0000000093d00000, 0x0000000093d00000| Untracked 
|  92|0x0000000093e00000, 0x0000000093e00000, 0x0000000093f00000|  0%| F|  |TAMS 0x0000000093e00000, 0x0000000093e00000| Untracked 
|  93|0x0000000093f00000, 0x0000000093f00000, 0x0000000094000000|  0%| F|  |TAMS 0x0000000093f00000, 0x0000000093f00000| Untracked 
|  94|0x0000000094000000, 0x0000000094000000, 0x0000000094100000|  0%| F|  |TAMS 0x0000000094000000, 0x0000000094000000| Untracked 
|  95|0x0000000094100000, 0x0000000094100000, 0x0000000094200000|  0%| F|  |TAMS 0x0000000094100000, 0x0000000094100000| Untracked 
|  96|0x0000000094200000, 0x0000000094200000, 0x0000000094300000|  0%| F|  |TAMS 0x0000000094200000, 0x0000000094200000| Untracked 
|  97|0x0000000094300000, 0x0000000094300000, 0x0000000094400000|  0%| F|  |TAMS 0x0000000094300000, 0x0000000094300000| Untracked 
|  98|0x0000000094400000, 0x0000000094400000, 0x0000000094500000|  0%| F|  |TAMS 0x0000000094400000, 0x0000000094400000| Untracked 
|  99|0x0000000094500000, 0x0000000094596380, 0x0000000094600000| 58%| S|CS|TAMS 0x0000000094500000, 0x0000000094500000| Complete 
| 100|0x0000000094600000, 0x0000000094700000, 0x0000000094700000|100%| S|CS|TAMS 0x0000000094600000, 0x0000000094600000| Complete 
| 101|0x0000000094700000, 0x0000000094700000, 0x0000000094800000|  0%| F|  |TAMS 0x0000000094700000, 0x0000000094700000| Untracked 
| 102|0x0000000094800000, 0x0000000094800000, 0x0000000094900000|  0%| F|  |TAMS 0x0000000094800000, 0x0000000094800000| Untracked 
| 103|0x0000000094900000, 0x0000000094900000, 0x0000000094a00000|  0%| F|  |TAMS 0x0000000094900000, 0x0000000094900000| Untracked 
| 104|0x0000000094a00000, 0x0000000094a00000, 0x0000000094b00000|  0%| F|  |TAMS 0x0000000094a00000, 0x0000000094a00000| Untracked 
| 105|0x0000000094b00000, 0x0000000094b4ada8, 0x0000000094c00000| 29%| E|  |TAMS 0x0000000094b00000, 0x0000000094b00000| Complete 
| 106|0x0000000094c00000, 0x0000000094d00000, 0x0000000094d00000|100%| E|CS|TAMS 0x0000000094c00000, 0x0000000094c00000| Complete 
| 107|0x0000000094d00000, 0x0000000094e00000, 0x0000000094e00000|100%| E|CS|TAMS 0x0000000094d00000, 0x0000000094d00000| Complete 
| 108|0x0000000094e00000, 0x0000000094f00000, 0x0000000094f00000|100%| E|CS|TAMS 0x0000000094e00000, 0x0000000094e00000| Complete 
| 109|0x0000000094f00000, 0x0000000095000000, 0x0000000095000000|100%| E|CS|TAMS 0x0000000094f00000, 0x0000000094f00000| Complete 
| 110|0x0000000095000000, 0x0000000095100000, 0x0000000095100000|100%| E|CS|TAMS 0x0000000095000000, 0x0000000095000000| Complete 
| 111|0x0000000095100000, 0x0000000095200000, 0x0000000095200000|100%| E|CS|TAMS 0x0000000095100000, 0x0000000095100000| Complete 
| 112|0x0000000095200000, 0x0000000095300000, 0x0000000095300000|100%| E|CS|TAMS 0x0000000095200000, 0x0000000095200000| Complete 
| 113|0x0000000095300000, 0x0000000095400000, 0x0000000095400000|100%| E|CS|TAMS 0x0000000095300000, 0x0000000095300000| Complete 

Card table byte_map: [0x000001f1d27a0000,0x000001f1d2b30000] _byte_map_base: 0x000001f1d232f000

Marking Bits (Prev, Next): (CMBitMap*) 0x000001f1b9d08430, (CMBitMap*) 0x000001f1b9d08470
 Prev Bits: [0x000001f1d2ec0000, 0x000001f1d4b38000)
 Next Bits: [0x000001f1d4b40000, 0x000001f1d67b8000)

Polling page: 0x000001f1b9d80000

Metaspace:

Usage:
  Non-class:      5.54 MB used.
      Class:    699.25 KB used.
       Both:      6.22 MB used.

Virtual space:
  Non-class space:       64.00 MB reserved,       5.62 MB (  9%) committed,  1 nodes.
      Class space:        1.00 GB reserved,     832.00 KB ( <1%) committed,  1 nodes.
             Both:        1.06 GB reserved,       6.44 MB ( <1%) committed. 

Chunk freelists:
   Non-Class:  1.48 MB
       Class:  3.11 MB
        Both:  4.59 MB

MaxMetaspaceSize: unlimited
CompressedClassSpaceSize: 1.00 GB
Initial GC threshold: 21.00 MB
Current GC threshold: 21.00 MB
CDS: on
MetaspaceReclaimPolicy: balanced
 - commit_granule_bytes: 65536.
 - commit_granule_words: 8192.
 - virtual_space_node_default_size: 8388608.
 - enlarge_chunks_in_place: 1.
 - new_chunks_are_fully_committed: 0.
 - uncommit_free_chunks: 1.
 - use_allocation_guard: 0.


Internal statistics:

num_allocs_failed_limit: 0.
num_arena_births: 132.
num_arena_deaths: 0.
num_vsnodes_births: 2.
num_vsnodes_deaths: 0.
num_space_committed: 103.
num_space_uncommitted: 0.
num_chunks_returned_to_freelist: 0.
num_chunks_taken_from_freelist: 276.
num_chunk_merges: 0.
num_chunk_splits: 181.
num_chunks_enlarged: 132.
num_inconsistent_stats: 0.

CodeHeap 'non-profiled nmethods': size=120000Kb used=400Kb max_used=400Kb free=119599Kb
 bounds [0x000001f1ca8c0000, 0x000001f1cab30000, 0x000001f1d1df0000]
CodeHeap 'profiled nmethods': size=120000Kb used=1837Kb max_used=1837Kb free=118162Kb
 bounds [0x000001f1c3390000, 0x000001f1c3600000, 0x000001f1ca8c0000]
CodeHeap 'non-nmethods': size=5760Kb used=1232Kb max_used=1263Kb free=4527Kb
 bounds [0x000001f1c2df0000, 0x000001f1c3060000, 0x000001f1c3390000]
 total_blobs=1670 nmethods=1137 adapters=446
 compilation: enabled
              stopped_count=0, restarted_count=0
 full_count=0

Compilation events (20 events):
Event: 1.036 Thread 0x000001f1d8d8b480 nmethod 1123% 0x000001f1c354a710 code [0x000001f1c354a920, 0x000001f1c354b348]
Event: 1.045 Thread 0x000001f1d8d8b480 1124       3       java.lang.String::indexOf (18 bytes)
Event: 1.045 Thread 0x000001f1d8d8b480 nmethod 1124 0x000001f1c354b910 code [0x000001f1c354bae0, 0x000001f1c354bda8]
Event: 1.045 Thread 0x000001f1d8d8b480 1125       3       java.lang.String::indexOf (113 bytes)
Event: 1.045 Thread 0x000001f1d8d8b480 nmethod 1125 0x000001f1c354bf10 code [0x000001f1c354c140, 0x000001f1c354c768]
Event: 1.045 Thread 0x000001f1d8d8b480 1126       3       sun.net.www.ParseUtil::encodePath (41 bytes)
Event: 1.046 Thread 0x000001f1d8d8b480 nmethod 1126 0x000001f1c354c910 code [0x000001f1c354cae0, 0x000001f1c354cd48]
Event: 1.046 Thread 0x000001f1d8d8b480 1127  s    3       java.util.jar.JarFile::getInputStream (72 bytes)
Event: 1.046 Thread 0x000001f1d8d8b480 nmethod 1127 0x000001f1c354ce10 code [0x000001f1c354d040, 0x000001f1c354d598]
Event: 1.046 Thread 0x000001f1d8d8b480 1128   !   3       java.net.URL::<init> (543 bytes)
Event: 1.047 Thread 0x000001f1d8d7ea00 nmethod 1119 0x000001f1ca922210 code [0x000001f1ca9223c0, 0x000001f1ca922a28]
Event: 1.048 Thread 0x000001f1d8d7ea00 1113       4       sun.security.provider.ByteArrayAccess::b2iBig64 (231 bytes)
Event: 1.052 Thread 0x000001f1d8d8b480 nmethod 1128 0x000001f1c354d790 code [0x000001f1c354ddc0, 0x000001f1c3551598]
Event: 1.052 Thread 0x000001f1d8d8b480 1134       3       java.lang.StringLatin1::getChars (12 bytes)
Event: 1.052 Thread 0x000001f1d8d8b480 nmethod 1134 0x000001f1c3553410 code [0x000001f1c35535a0, 0x000001f1c35536c8]
Event: 1.052 Thread 0x000001f1d8d8b480 1132       3       java.lang.ClassLoader::defineClass (43 bytes)
Event: 1.052 Thread 0x000001f1d8d8b480 nmethod 1132 0x000001f1c3553790 code [0x000001f1c3553980, 0x000001f1c3553e98]
Event: 1.052 Thread 0x000001f1d8d8b480 1138       3       java.lang.String::endsWith (15 bytes)
Event: 1.053 Thread 0x000001f1d8d8b480 nmethod 1138 0x000001f1c3554110 code [0x000001f1c35542e0, 0x000001f1c3554628]
Event: 1.053 Thread 0x000001f1d8d8b480 1129       3       java.net.URLStreamHandler::setURL (73 bytes)

GC Heap History (2 events):
Event: 0.624 GC heap before
{Heap before GC invocations=0 (full 0):
 garbage-first heap   total 116736K, used 12288K [0x000000008e200000, 0x0000000100000000)
  region size 1024K, 13 young (13312K), 0 survivors (0K)
 Metaspace       used 2519K, committed 2752K, reserved 1114112K
  class space    used 261K, committed 384K, reserved 1048576K
}
Event: 0.628 GC heap after
{Heap after GC invocations=1 (full 0):
 garbage-first heap   total 116736K, used 1624K [0x000000008e200000, 0x0000000100000000)
  region size 1024K, 2 young (2048K), 2 survivors (2048K)
 Metaspace       used 2519K, committed 2752K, reserved 1114112K
  class space    used 261K, committed 384K, reserved 1048576K
}

Deoptimization events (20 events):
Event: 1.026 Thread 0x000001f1b9caee60 DEOPT PACKING pc=0x000001f1c352a47e sp=0x000000ec55cfdf50
Event: 1.026 Thread 0x000001f1b9caee60 DEOPT UNPACKING pc=0x000001f1c2e42b43 sp=0x000000ec55cfd3a8 mode 0
Event: 1.026 Thread 0x000001f1b9caee60 DEOPT PACKING pc=0x000001f1c352a47e sp=0x000000ec55cfdd90
Event: 1.026 Thread 0x000001f1b9caee60 DEOPT UNPACKING pc=0x000001f1c2e42b43 sp=0x000000ec55cfd1e8 mode 0
Event: 1.026 Thread 0x000001f1b9caee60 DEOPT PACKING pc=0x000001f1c352a47e sp=0x000000ec55cfde40
Event: 1.026 Thread 0x000001f1b9caee60 DEOPT UNPACKING pc=0x000001f1c2e42b43 sp=0x000000ec55cfd298 mode 0
Event: 1.027 Thread 0x000001f1b9caee60 DEOPT PACKING pc=0x000001f1c352a47e sp=0x000000ec55cfdd60
Event: 1.027 Thread 0x000001f1b9caee60 DEOPT UNPACKING pc=0x000001f1c2e42b43 sp=0x000000ec55cfd1b8 mode 0
Event: 1.027 Thread 0x000001f1b9caee60 DEOPT PACKING pc=0x000001f1c352a47e sp=0x000000ec55cfdf50
Event: 1.027 Thread 0x000001f1b9caee60 DEOPT UNPACKING pc=0x000001f1c2e42b43 sp=0x000000ec55cfd3a8 mode 0
Event: 1.027 Thread 0x000001f1b9caee60 DEOPT PACKING pc=0x000001f1c352a47e sp=0x000000ec55cfdd90
Event: 1.028 Thread 0x000001f1b9caee60 DEOPT UNPACKING pc=0x000001f1c2e42b43 sp=0x000000ec55cfd1e8 mode 0
Event: 1.032 Thread 0x000001f1b9caee60 Uncommon trap: trap_request=0xffffffc6 fr.pc=0x000001f1ca9109b4 relative=0x00000000000002f4
Event: 1.032 Thread 0x000001f1b9caee60 Uncommon trap: reason=bimorphic_or_optimized_type_check action=maybe_recompile pc=0x000001f1ca9109b4 method=java.util.concurrent.ConcurrentHashMap.get(Ljava/lang/Object;)Ljava/lang/Object; @ 149 c2
Event: 1.032 Thread 0x000001f1b9caee60 DEOPT PACKING pc=0x000001f1ca9109b4 sp=0x000000ec55cfe300
Event: 1.032 Thread 0x000001f1b9caee60 DEOPT UNPACKING pc=0x000001f1c2e423a3 sp=0x000000ec55cfe270 mode 2
Event: 1.033 Thread 0x000001f1b9caee60 Uncommon trap: trap_request=0xffffff45 fr.pc=0x000001f1ca920120 relative=0x0000000000000980
Event: 1.033 Thread 0x000001f1b9caee60 Uncommon trap: reason=unstable_if action=reinterpret pc=0x000001f1ca920120 method=sun.security.provider.SHA2.implCompress0([BI)V @ 4 c2
Event: 1.033 Thread 0x000001f1b9caee60 DEOPT PACKING pc=0x000001f1ca920120 sp=0x000000ec55cfe060
Event: 1.033 Thread 0x000001f1b9caee60 DEOPT UNPACKING pc=0x000001f1c2e423a3 sp=0x000000ec55cfdf90 mode 2

Classes loaded (20 events):
Event: 0.980 Loading class sun/nio/cs/ThreadLocalCoders$Cache done
Event: 0.980 Loading class sun/nio/cs/ThreadLocalCoders$1 done
Event: 0.980 Loading class sun/nio/cs/ThreadLocalCoders$2
Event: 0.980 Loading class sun/nio/cs/ThreadLocalCoders$2 done
Event: 0.981 Loading class javax/crypto/Mac
Event: 0.981 Loading class javax/crypto/Mac done
Event: 0.981 Loading class javax/crypto/MacSpi
Event: 0.981 Loading class javax/crypto/MacSpi done
Event: 0.981 Loading class com/sun/crypto/provider/HmacCore$HmacSHA256
Event: 0.981 Loading class com/sun/crypto/provider/HmacCore
Event: 0.981 Loading class com/sun/crypto/provider/HmacCore done
Event: 0.981 Loading class com/sun/crypto/provider/HmacCore$HmacSHA256 done
Event: 0.981 Loading class com/sun/crypto/provider/PBKDF2KeyImpl$1
Event: 0.981 Loading class com/sun/crypto/provider/PBKDF2KeyImpl$1 done
Event: 1.032 Loading class javax/crypto/spec/SecretKeySpec
Event: 1.032 Loading class javax/crypto/spec/SecretKeySpec done
Event: 1.032 Loading class javax/crypto/spec/SecretKeySpec$1
Event: 1.032 Loading class jdk/internal/access/JavaxCryptoSpecAccess
Event: 1.032 Loading class jdk/internal/access/JavaxCryptoSpecAccess done
Event: 1.032 Loading class javax/crypto/spec/SecretKeySpec$1 done

Classes unloaded (0 events):
No events

Classes redefined (0 events):
No events

Internal exceptions (20 events):
Event: 0.113 Thread 0x000001f1b9caee60 Exception <a 'sun/nio/fs/WindowsException'{0x0000000095237238}> (0x0000000095237238) 
thrown [s\open\src\hotspot\share\prims\jni.cpp, line 516]
Event: 0.115 Thread 0x000001f1b9caee60 Exception <a 'sun/nio/fs/WindowsException'{0x00000000952376d8}> (0x00000000952376d8) 
thrown [s\open\src\hotspot\share\prims\jni.cpp, line 516]
Event: 0.274 Thread 0x000001f1b9caee60 Exception <a 'java/lang/NoSuchMethodError'{0x0000000094dd7738}: 'java.lang.Object java.lang.invoke.DirectMethodHandle$Holder.invokeStaticInit(java.lang.Object)'> (0x0000000094dd7738) 
thrown [s\open\src\hotspot\share\interpreter\linkResolver.cpp, line 766]
Event: 0.277 Thread 0x000001f1b9caee60 Exception <a 'java/lang/NoSuchMethodError'{0x0000000094dde5a8}: 'void java.lang.invoke.DirectMethodHandle$Holder.invokeStatic(java.lang.Object, java.lang.Object, java.lang.Object, java.lang.Object)'> (0x0000000094dde5a8) 
thrown [s\open\src\hotspot\share\interpreter\linkResolver.cpp, line 766]
Event: 0.278 Thread 0x000001f1b9caee60 Exception <a 'java/lang/NoSuchMethodError'{0x0000000094de2540}: 'void java.lang.invoke.DirectMethodHandle$Holder.invokeSpecial(java.lang.Object, java.lang.Object, java.lang.Object, java.lang.Object, java.lang.Object)'> (0x0000000094de2540) 
thrown [s\open\src\hotspot\share\interpreter\linkResolver.cpp, line 766]
Event: 0.285 Thread 0x000001f1b9caee60 Exception <a 'java/lang/NoSuchMethodError'{0x0000000094dfb150}: 'java.lang.Object java.lang.invoke.Invokers$Holder.invokeExact_MT(java.lang.Object, java.lang.Object, java.lang.Object, java.lang.Object, java.lang.Object, java.lang.Object)'> (0x0000000094dfb150) 
thrown [s\open\src\hotspot\share\interpreter\linkResolver.cpp, line 766]
Event: 0.286 Thread 0x000001f1b9caee60 Exception <a 'java/lang/NoSuchMethodError'{0x0000000094c4a308}: 'void java.lang.invoke.DirectMethodHandle$Holder.invokeStatic(java.lang.Object, java.lang.Object)'> (0x0000000094c4a308) 
thrown [s\open\src\hotspot\share\interpreter\linkResolver.cpp, line 766]
Event: 0.490 Thread 0x000001f1b9caee60 Exception <a 'java/lang/NoSuchMethodError'{0x00000000949556e0}: 'void java.lang.invoke.DirectMethodHandle$Holder.invokeSpecial(java.lang.Object, java.lang.Object, java.lang.Object)'> (0x00000000949556e0) 
thrown [s\open\src\hotspot\share\interpreter\linkResolver.cpp, line 766]
Event: 0.502 Thread 0x000001f1b9caee60 Exception <a 'java/lang/NoSuchMethodError'{0x000000009498c158}: 'void java.lang.invoke.DirectMethodHandle$Holder.invokeStatic(java.lang.Object, java.lang.Object, java.lang.Object)'> (0x000000009498c158) 
thrown [s\open\src\hotspot\share\interpreter\linkResolver.cpp, line 766]
Event: 0.550 Thread 0x000001f1b9caee60 Exception <a 'java/lang/NoSuchMethodError'{0x00000000949a8a60}: 'int java.lang.invoke.DirectMethodHandle$Holder.invokeStaticInit(java.lang.Object, java.lang.Object, java.lang.Object)'> (0x00000000949a8a60) 
thrown [s\open\src\hotspot\share\interpreter\linkResolver.cpp, line 766]
Event: 0.573 Thread 0x000001f1b9caee60 Exception <a 'java/lang/NoSuchMethodError'{0x0000000094700d38}: 'java.lang.Object java.lang.invoke.DirectMethodHandle$Holder.newInvokeSpecial(java.lang.Object, java.lang.Object, int, java.lang.Object)'> (0x0000000094700d38) 
thrown [s\open\src\hotspot\share\interpreter\linkResolver.cpp, line 766]
Event: 0.574 Thread 0x000001f1b9caee60 Exception <a 'java/lang/NoSuchMethodError'{0x0000000094705120}: 'java.lang.Object java.lang.invoke.DirectMethodHandle$Holder.invokeSpecial(java.lang.Object, java.lang.Object, java.lang.Object, int, java.lang.Object)'> (0x0000000094705120) 
thrown [s\open\src\hotspot\share\interpreter\linkResolver.cpp, line 766]
Event: 0.652 Thread 0x000001f1d8d888e0 Exception <a 'java/lang/NoSuchMethodError'{0x00000000952b1600}: 'void java.lang.invoke.DirectMethodHandle$Holder.invokeStaticInit(java.lang.Object)'> (0x00000000952b1600) 
thrown [s\open\src\hotspot\share\interpreter\linkResolver.cpp, line 766]
Event: 0.656 Thread 0x000001f1b9caee60 Exception <a 'java/lang/NoSuchMethodError'{0x00000000952df230}: 'java.lang.Object java.lang.invoke.DirectMethodHandle$Holder.newInvokeSpecial(java.lang.Object, java.lang.Object, java.lang.Object, java.lang.Object, java.lang.Object, java.lang.Object)'> (0x00000000952df230) 
thrown [s\open\src\hotspot\share\interpreter\linkResolver.cpp, line 766]
Event: 0.709 Thread 0x000001f1b9caee60 Exception <a 'java/lang/NoSuchMethodError'{0x0000000095066a90}: 'java.lang.Object java.lang.invoke.DirectMethodHandle$Holder.invokeVirtual(java.lang.Object, java.lang.Object, java.lang.Object, java.lang.Object)'> (0x0000000095066a90) 
thrown [s\open\src\hotspot\share\interpreter\linkResolver.cpp, line 766]
Event: 0.786 Thread 0x000001f1b9caee60 Exception <a 'java/lang/NoSuchMethodError'{0x0000000094f66768}: 'int java.lang.invoke.DirectMethodHandle$Holder.invokeSpecial(java.lang.Object, java.lang.Object, java.lang.Object)'> (0x0000000094f66768) 
thrown [s\open\src\hotspot\share\interpreter\linkResolver.cpp, line 766]
Event: 0.860 Thread 0x000001f1b9caee60 Exception <a 'java/lang/NoSuchMethodError'{0x0000000094ea54b8}: 'java.lang.Object java.lang.invoke.DirectMethodHandle$Holder.invokeStaticInit(java.lang.Object, int, int, int, int)'> (0x0000000094ea54b8) 
thrown [s\open\src\hotspot\share\interpreter\linkResolver.cpp, line 766]
Event: 0.913 Thread 0x000001f1b9caee60 Exception <a 'java/lang/NoSuchMethodError'{0x0000000094d0c668}: 'java.lang.Object java.lang.invoke.DirectMethodHandle$Holder.invokeStaticInit(java.lang.Object, java.lang.Object, int, int, int, int)'> (0x0000000094d0c668) 
thrown [s\open\src\hotspot\share\interpreter\linkResolver.cpp, line 766]
Event: 0.969 Thread 0x000001f1b9caee60 Exception <a 'sun/nio/fs/WindowsException'{0x0000000094c88678}> (0x0000000094c88678) 
thrown [s\open\src\hotspot\share\prims\jni.cpp, line 516]
Event: 1.033 Thread 0x000001f1b9caee60 Implicit null exception at 0x000001f1ca91f7e0 to 0x000001f1ca920100

VM Operations (20 events):
Event: 0.123 Executing VM operation: HandshakeAllThreads
Event: 0.123 Executing VM operation: HandshakeAllThreads done
Event: 0.244 Executing VM operation: HandshakeAllThreads
Event: 0.244 Executing VM operation: HandshakeAllThreads done
Event: 0.562 Executing VM operation: HandshakeAllThreads
Event: 0.562 Executing VM operation: HandshakeAllThreads done
Event: 0.624 Executing VM operation: G1CollectForAllocation
Event: 0.628 Executing VM operation: G1CollectForAllocation done
Event: 0.701 Executing VM operation: HandshakeAllThreads
Event: 0.701 Executing VM operation: HandshakeAllThreads done
Event: 0.716 Executing VM operation: HandshakeAllThreads
Event: 0.716 Executing VM operation: HandshakeAllThreads done
Event: 0.748 Executing VM operation: HandshakeAllThreads
Event: 0.748 Executing VM operation: HandshakeAllThreads done
Event: 0.756 Executing VM operation: HandshakeAllThreads
Event: 0.756 Executing VM operation: HandshakeAllThreads done
Event: 0.824 Executing VM operation: HandshakeAllThreads
Event: 0.824 Executing VM operation: HandshakeAllThreads done
Event: 0.846 Executing VM operation: HandshakeAllThreads
Event: 0.846 Executing VM operation: HandshakeAllThreads done

Events (20 events):
Event: 0.441 Loaded shared library C:\Program Files\Java\javafx-sdk-18.0.1\bin\api-ms-win-crt-process-l1-1-0.dll
Event: 0.443 Loaded shared library C:\Program Files\Java\javafx-sdk-18.0.1\bin\api-ms-win-crt-runtime-l1-1-0.dll
Event: 0.446 Loaded shared library C:\Program Files\Java\javafx-sdk-18.0.1\bin\api-ms-win-crt-stdio-l1-1-0.dll
Event: 0.448 Loaded shared library C:\Program Files\Java\javafx-sdk-18.0.1\bin\api-ms-win-crt-string-l1-1-0.dll
Event: 0.450 Loaded shared library C:\Program Files\Java\javafx-sdk-18.0.1\bin\api-ms-win-crt-time-l1-1-0.dll
Event: 0.453 Loaded shared library C:\Program Files\Java\javafx-sdk-18.0.1\bin\api-ms-win-crt-utility-l1-1-0.dll
Event: 0.455 Loaded shared library C:\Program Files\Java\javafx-sdk-18.0.1\bin\ucrtbase.dll
Event: 0.456 Loaded shared library C:\Program Files\Java\javafx-sdk-18.0.1\bin\vcruntime140.dll
Event: 0.458 Loaded shared library C:\Program Files\Java\javafx-sdk-18.0.1\bin\vcruntime140_1.dll
Event: 0.461 Loaded shared library C:\Program Files\Java\javafx-sdk-18.0.1\bin\msvcp140.dll
Event: 0.503 Thread 0x000001f1d8d88410 Thread added: 0x000001f1d8d88410
Event: 0.510 Loaded shared library C:\Program Files\Java\javafx-sdk-18.0.1\bin\prism_d3d.dll
Event: 0.567 Loaded shared library C:\Program Files\Java\javafx-sdk-18.0.1\bin\glass.dll
Event: 0.570 Thread 0x000001f1d8d89280 Thread added: 0x000001f1d8d89280
Event: 0.576 Thread 0x000001f1d8d888e0 Thread added: 0x000001f1d8d888e0
Event: 0.668 Loaded shared library C:\Program Files\Java\jdk-18.0.1.1\bin\jimage.dll
Event: 0.675 Thread 0x000001f1d8d8a5c0 Thread added: 0x000001f1d8d8a5c0
Event: 0.774 Loaded shared library C:\Program Files\Java\jdk-18.0.1.1\bin\management.dll
Event: 0.777 Loaded shared library C:\Program Files\Java\jdk-18.0.1.1\bin\management_ext.dll
Event: 0.946 Loaded shared library C:\Program Files\Java\jdk-18.0.1.1\bin\sunmscapi.dll


Dynamic libraries:
0x00007ff7b82f0000 - 0x00007ff7b8300000 	C:\Program Files\Java\jdk-18.0.1.1\bin\javaw.exe
0x00007fffd68b0000 - 0x00007fffd6aa5000 	C:\Windows\SYSTEM32\ntdll.dll
0x00007fffd5bc0000 - 0x00007fffd5c7d000 	C:\Windows\System32\KERNEL32.DLL
0x00007fffd4040000 - 0x00007fffd430d000 	C:\Windows\System32\KERNELBASE.dll
0x00007fffd43b0000 - 0x00007fffd44b0000 	C:\Windows\System32\ucrtbase.dll
0x00007fffcefe0000 - 0x00007fffceffa000 	C:\Program Files\Java\jdk-18.0.1.1\bin\VCRUNTIME140.dll
0x00007fffca620000 - 0x00007fffca638000 	C:\Program Files\Java\jdk-18.0.1.1\bin\jli.dll
0x00007fffd5e20000 - 0x00007fffd5ece000 	C:\Windows\System32\ADVAPI32.dll
0x00007fffd4cc0000 - 0x00007fffd4d5e000 	C:\Windows\System32\msvcrt.dll
0x00007fffd4d60000 - 0x00007fffd4dfc000 	C:\Windows\System32\sechost.dll
0x00007fffd6030000 - 0x00007fffd6155000 	C:\Windows\System32\RPCRT4.dll
0x00007fffd5c80000 - 0x00007fffd5e20000 	C:\Windows\System32\USER32.dll
0x00007fffd3fc0000 - 0x00007fffd3fe2000 	C:\Windows\System32\win32u.dll
0x00007fffbba00000 - 0x00007fffbbc9a000 	C:\Windows\WinSxS\amd64_microsoft.windows.common-controls_6595b64144ccf1df_6.0.19041.1110_none_60b5254171f9507e\COMCTL32.dll
0x00007fffd5b10000 - 0x00007fffd5b3a000 	C:\Windows\System32\GDI32.dll
0x00007fffd46a0000 - 0x00007fffd47ab000 	C:\Windows\System32\gdi32full.dll
0x00007fffd4860000 - 0x00007fffd48fd000 	C:\Windows\System32\msvcp_win.dll
0x00007fffc7c40000 - 0x00007fffc7c4a000 	C:\Windows\SYSTEM32\VERSION.dll
0x00007fffd5f30000 - 0x00007fffd5f60000 	C:\Windows\System32\IMM32.DLL
0x00007fffcf1e0000 - 0x00007fffcf1ec000 	C:\Program Files\Java\jdk-18.0.1.1\bin\vcruntime140_1.dll
0x00007fffbe240000 - 0x00007fffbe2cd000 	C:\Program Files\Java\jdk-18.0.1.1\bin\msvcp140.dll
0x00007fff55a70000 - 0x00007fff56680000 	C:\Program Files\Java\jdk-18.0.1.1\bin\server\jvm.dll
0x00007fffd4910000 - 0x00007fffd4918000 	C:\Windows\System32\PSAPI.DLL
0x00007fffabd40000 - 0x00007fffabd49000 	C:\Windows\SYSTEM32\WSOCK32.dll
0x00007fffd5b40000 - 0x00007fffd5bab000 	C:\Windows\System32\WS2_32.dll
0x00007fffb0e00000 - 0x00007fffb0e27000 	C:\Windows\SYSTEM32\WINMM.dll
0x00007fffd2850000 - 0x00007fffd2862000 	C:\Windows\SYSTEM32\kernel.appcore.dll
0x00007fffcf0d0000 - 0x00007fffcf0da000 	C:\Program Files\Java\jdk-18.0.1.1\bin\jimage.dll
0x00007fffd18c0000 - 0x00007fffd1aa4000 	C:\Windows\SYSTEM32\DBGHELP.DLL
0x00007fffb5d40000 - 0x00007fffb5d6c000 	C:\Windows\SYSTEM32\dbgcore.DLL
0x00007fffd44b0000 - 0x00007fffd4532000 	C:\Windows\System32\bcryptPrimitives.dll
0x00007fffc8800000 - 0x00007fffc8825000 	C:\Program Files\Java\jdk-18.0.1.1\bin\java.dll
0x00007fffb0a70000 - 0x00007fffb0b46000 	C:\Program Files\Java\jdk-18.0.1.1\bin\jsvml.dll
0x00007fffd53c0000 - 0x00007fffd5b04000 	C:\Windows\System32\SHELL32.dll
0x00007fffd20a0000 - 0x00007fffd2834000 	C:\Windows\SYSTEM32\windows.storage.dll
0x00007fffd4e00000 - 0x00007fffd5154000 	C:\Windows\System32\combase.dll
0x00007fffd39b0000 - 0x00007fffd39dc000 	C:\Windows\SYSTEM32\Wldp.dll
0x00007fffd4a60000 - 0x00007fffd4b0d000 	C:\Windows\System32\SHCORE.dll
0x00007fffd4a00000 - 0x00007fffd4a55000 	C:\Windows\System32\shlwapi.dll
0x00007fffd3f00000 - 0x00007fffd3f1f000 	C:\Windows\SYSTEM32\profapi.dll
0x00007fffc98f0000 - 0x00007fffc9903000 	C:\Program Files\Java\jdk-18.0.1.1\bin\net.dll
0x00007fffbe080000 - 0x00007fffbe18a000 	C:\Windows\SYSTEM32\WINHTTP.dll
0x00007fffd36b0000 - 0x00007fffd371a000 	C:\Windows\system32\mswsock.dll
0x00007fffc8eb0000 - 0x00007fffc8ec6000 	C:\Program Files\Java\jdk-18.0.1.1\bin\nio.dll
0x00007fffc87e0000 - 0x00007fffc87f8000 	C:\Program Files\Java\jdk-18.0.1.1\bin\zip.dll
0x000001f1b9dc0000 - 0x000001f1b9dc3000 	C:\Program Files\Java\javafx-sdk-18.0.1\bin\api-ms-win-core-console-l1-1-0.dll
0x000001f1d8f70000 - 0x000001f1d8f73000 	C:\Program Files\Java\javafx-sdk-18.0.1\bin\api-ms-win-core-console-l1-2-0.dll
0x000001f1d8f80000 - 0x000001f1d8f83000 	C:\Program Files\Java\javafx-sdk-18.0.1\bin\api-ms-win-core-datetime-l1-1-0.dll
0x000001f1d8f90000 - 0x000001f1d8f93000 	C:\Program Files\Java\javafx-sdk-18.0.1\bin\api-ms-win-core-debug-l1-1-0.dll
0x000001f1d8fa0000 - 0x000001f1d8fa3000 	C:\Program Files\Java\javafx-sdk-18.0.1\bin\api-ms-win-core-errorhandling-l1-1-0.dll
0x000001f1d8fb0000 - 0x000001f1d8fb4000 	C:\Program Files\Java\javafx-sdk-18.0.1\bin\api-ms-win-core-file-l1-1-0.dll
0x000001f1d8fc0000 - 0x000001f1d8fc3000 	C:\Program Files\Java\javafx-sdk-18.0.1\bin\api-ms-win-core-file-l1-2-0.dll
0x000001f1d8fd0000 - 0x000001f1d8fd3000 	C:\Program Files\Java\javafx-sdk-18.0.1\bin\api-ms-win-core-file-l2-1-0.dll
0x000001f1d8fe0000 - 0x000001f1d8fe3000 	C:\Program Files\Java\javafx-sdk-18.0.1\bin\api-ms-win-core-handle-l1-1-0.dll
0x000001f1d8ff0000 - 0x000001f1d8ff3000 	C:\Program Files\Java\javafx-sdk-18.0.1\bin\api-ms-win-core-heap-l1-1-0.dll
0x000001f1debd0000 - 0x000001f1debd3000 	C:\Program Files\Java\javafx-sdk-18.0.1\bin\api-ms-win-core-interlocked-l1-1-0.dll
0x000001f1ded00000 - 0x000001f1ded03000 	C:\Program Files\Java\javafx-sdk-18.0.1\bin\api-ms-win-core-libraryloader-l1-1-0.dll
0x000001f1debe0000 - 0x000001f1debe3000 	C:\Program Files\Java\javafx-sdk-18.0.1\bin\api-ms-win-core-localization-l1-2-0.dll
0x000001f1debf0000 - 0x000001f1debf3000 	C:\Program Files\Java\javafx-sdk-18.0.1\bin\api-ms-win-core-memory-l1-1-0.dll
0x000001f1dec00000 - 0x000001f1dec03000 	C:\Program Files\Java\javafx-sdk-18.0.1\bin\api-ms-win-core-namedpipe-l1-1-0.dll
0x000001f1dec10000 - 0x000001f1dec13000 	C:\Program Files\Java\javafx-sdk-18.0.1\bin\api-ms-win-core-processenvironment-l1-1-0.dll
0x000001f1dec20000 - 0x000001f1dec23000 	C:\Program Files\Java\javafx-sdk-18.0.1\bin\api-ms-win-core-processthreads-l1-1-0.dll
0x000001f1dec30000 - 0x000001f1dec33000 	C:\Program Files\Java\javafx-sdk-18.0.1\bin\api-ms-win-core-processthreads-l1-1-1.dll
0x000001f1dec40000 - 0x000001f1dec43000 	C:\Program Files\Java\javafx-sdk-18.0.1\bin\api-ms-win-core-profile-l1-1-0.dll
0x000001f1dec50000 - 0x000001f1dec53000 	C:\Program Files\Java\javafx-sdk-18.0.1\bin\api-ms-win-core-rtlsupport-l1-1-0.dll
0x000001f1dec60000 - 0x000001f1dec63000 	C:\Program Files\Java\javafx-sdk-18.0.1\bin\api-ms-win-core-string-l1-1-0.dll
0x000001f1dec70000 - 0x000001f1dec73000 	C:\Program Files\Java\javafx-sdk-18.0.1\bin\api-ms-win-core-synch-l1-1-0.dll
0x000001f1dec80000 - 0x000001f1dec83000 	C:\Program Files\Java\javafx-sdk-18.0.1\bin\api-ms-win-core-synch-l1-2-0.dll
0x000001f1dec90000 - 0x000001f1dec93000 	C:\Program Files\Java\javafx-sdk-18.0.1\bin\api-ms-win-core-sysinfo-l1-1-0.dll
0x000001f1deca0000 - 0x000001f1deca3000 	C:\Program Files\Java\javafx-sdk-18.0.1\bin\api-ms-win-core-timezone-l1-1-0.dll
0x000001f1decb0000 - 0x000001f1decb3000 	C:\Program Files\Java\javafx-sdk-18.0.1\bin\api-ms-win-core-util-l1-1-0.dll
0x000001f1decc0000 - 0x000001f1decc3000 	C:\Program Files\Java\javafx-sdk-18.0.1\bin\api-ms-win-crt-conio-l1-1-0.dll
0x000001f1decd0000 - 0x000001f1decd4000 	C:\Program Files\Java\javafx-sdk-18.0.1\bin\api-ms-win-crt-convert-l1-1-0.dll
0x000001f1dece0000 - 0x000001f1dece3000 	C:\Program Files\Java\javafx-sdk-18.0.1\bin\api-ms-win-crt-environment-l1-1-0.dll
0x000001f1decf0000 - 0x000001f1decf3000 	C:\Program Files\Java\javafx-sdk-18.0.1\bin\api-ms-win-crt-filesystem-l1-1-0.dll
0x000001f1ded10000 - 0x000001f1ded13000 	C:\Program Files\Java\javafx-sdk-18.0.1\bin\api-ms-win-crt-heap-l1-1-0.dll
0x000001f1ded20000 - 0x000001f1ded23000 	C:\Program Files\Java\javafx-sdk-18.0.1\bin\api-ms-win-crt-locale-l1-1-0.dll
0x000001f1ded30000 - 0x000001f1ded35000 	C:\Program Files\Java\javafx-sdk-18.0.1\bin\api-ms-win-crt-math-l1-1-0.dll
0x000001f1ded40000 - 0x000001f1ded45000 	C:\Program Files\Java\javafx-sdk-18.0.1\bin\api-ms-win-crt-multibyte-l1-1-0.dll
0x000001f1ded50000 - 0x000001f1ded60000 	C:\Program Files\Java\javafx-sdk-18.0.1\bin\api-ms-win-crt-private-l1-1-0.dll
0x000001f1ded60000 - 0x000001f1ded63000 	C:\Program Files\Java\javafx-sdk-18.0.1\bin\api-ms-win-crt-process-l1-1-0.dll
0x000001f1ded70000 - 0x000001f1ded74000 	C:\Program Files\Java\javafx-sdk-18.0.1\bin\api-ms-win-crt-runtime-l1-1-0.dll
0x000001f1ded80000 - 0x000001f1ded84000 	C:\Program Files\Java\javafx-sdk-18.0.1\bin\api-ms-win-crt-stdio-l1-1-0.dll
0x000001f1ded90000 - 0x000001f1ded94000 	C:\Program Files\Java\javafx-sdk-18.0.1\bin\api-ms-win-crt-string-l1-1-0.dll
0x000001f1deda0000 - 0x000001f1deda3000 	C:\Program Files\Java\javafx-sdk-18.0.1\bin\api-ms-win-crt-time-l1-1-0.dll
0x000001f1dedb0000 - 0x000001f1dedb3000 	C:\Program Files\Java\javafx-sdk-18.0.1\bin\api-ms-win-crt-utility-l1-1-0.dll
0x00007fffc8630000 - 0x00007fffc872c000 	C:\Program Files\Java\javafx-sdk-18.0.1\bin\ucrtbase.dll
0x00007fffc8f10000 - 0x00007fffc8f2a000 	C:\Program Files\Java\javafx-sdk-18.0.1\bin\vcruntime140.dll
0x00007fffca5f0000 - 0x00007fffca5fc000 	C:\Program Files\Java\javafx-sdk-18.0.1\bin\vcruntime140_1.dll
0x00007fffc82d0000 - 0x00007fffc835d000 	C:\Program Files\Java\javafx-sdk-18.0.1\bin\msvcp140.dll
0x00007fffc84b0000 - 0x00007fffc84dc000 	C:\Program Files\Java\javafx-sdk-18.0.1\bin\prism_d3d.dll
0x00007fff98930000 - 0x00007fff98aff000 	C:\Windows\system32\d3d9.dll
0x00007fffd1bd0000 - 0x00007fffd1bff000 	C:\Windows\SYSTEM32\dwmapi.dll
0x00007fffd16f0000 - 0x00007fffd178e000 	C:\Windows\system32\uxtheme.dll
0x00007fff9ad10000 - 0x00007fff9aeb2000 	C:\Windows\System32\DriverStore\FileRepository\iigd_dch.inf_amd64_1dc9fc8d5e442f6a\igdumdim64.dll
0x00007fffd6640000 - 0x00007fffd676a000 	C:\Windows\System32\ole32.dll
0x00007fffd4310000 - 0x00007fffd4337000 	C:\Windows\System32\bcrypt.dll
0x00007fff88b30000 - 0x00007fff8c740000 	C:\Windows\System32\DriverStore\FileRepository\iigd_dch.inf_amd64_1dc9fc8d5e442f6a\igd9dxva64.dll
0x00007fffd5f60000 - 0x00007fffd602d000 	C:\Windows\System32\OLEAUT32.dll
0x00007fffd6160000 - 0x00007fffd65d1000 	C:\Windows\System32\SETUPAPI.dll
0x00007fffd3ff0000 - 0x00007fffd403e000 	C:\Windows\System32\cfgmgr32.dll
0x00007fffc52a0000 - 0x00007fffc5667000 	C:\Windows\System32\DriverStore\FileRepository\iigd_dch.inf_amd64_1dc9fc8d5e442f6a\igdgmm64.dll
0x00007fffc07e0000 - 0x00007fffc0822000 	C:\Program Files\Java\javafx-sdk-18.0.1\bin\glass.dll
0x00007fffd6770000 - 0x00007fffd684b000 	C:\Windows\System32\COMDLG32.dll
0x00007fffd4ba0000 - 0x00007fffd4cb5000 	C:\Windows\System32\MSCTF.dll
0x00007fffc7380000 - 0x00007fffc73a7000 	C:\Windows\System32\DriverStore\FileRepository\iigd_dch.inf_amd64_1dc9fc8d5e442f6a\igdinfo64.dll
0x00007fffc1490000 - 0x00007fffc4a42000 	C:\Windows\System32\DriverStore\FileRepository\iigd_dch.inf_amd64_1dc9fc8d5e442f6a\igc64.dll
0x00007fffc72c0000 - 0x00007fffc72fb000 	C:\Windows\SYSTEM32\dxcore.dll
0x00007fffd33e0000 - 0x00007fffd34ab000 	C:\Windows\SYSTEM32\DNSAPI.dll
0x00007fffd33a0000 - 0x00007fffd33db000 	C:\Windows\SYSTEM32\IPHLPAPI.DLL
0x00007fffd4900000 - 0x00007fffd4908000 	C:\Windows\System32\NSI.dll
0x00007fffc74d0000 - 0x00007fffc74da000 	C:\Windows\System32\rasadhlp.dll
0x00007fffbd830000 - 0x00007fffbd8b0000 	C:\Windows\System32\fwpuclnt.dll
0x00007fffce630000 - 0x00007fffce639000 	C:\Program Files\Java\jdk-18.0.1.1\bin\management.dll
0x00007fffce600000 - 0x00007fffce60b000 	C:\Program Files\Java\jdk-18.0.1.1\bin\management_ext.dll
0x00007fffd38a0000 - 0x00007fffd38b8000 	C:\Windows\SYSTEM32\CRYPTSP.dll
0x00007fffd3030000 - 0x00007fffd3064000 	C:\Windows\system32\rsaenh.dll
0x00007fffd3ec0000 - 0x00007fffd3eee000 	C:\Windows\SYSTEM32\USERENV.dll
0x00007fffd38c0000 - 0x00007fffd38cc000 	C:\Windows\SYSTEM32\CRYPTBASE.dll
0x00007fffc0890000 - 0x00007fffc08a7000 	C:\Windows\SYSTEM32\dhcpcsvc6.DLL
0x00007fffc0eb0000 - 0x00007fffc0ecd000 	C:\Windows\SYSTEM32\dhcpcsvc.DLL
0x00007fffce650000 - 0x00007fffce65e000 	C:\Program Files\Java\jdk-18.0.1.1\bin\sunmscapi.dll
0x00007fffd4540000 - 0x00007fffd4696000 	C:\Windows\System32\CRYPT32.dll
0x00007fffd3a20000 - 0x00007fffd3a47000 	C:\Windows\SYSTEM32\ncrypt.dll
0x00007fffd39e0000 - 0x00007fffd3a1b000 	C:\Windows\SYSTEM32\NTASN1.dll

dbghelp: loaded successfully - version: 4.0.5 - missing functions: none
symbol engine: initialized successfully - sym options: 0x614 - pdb path: .;C:\Program Files\Java\jdk-18.0.1.1\bin;C:\Windows\SYSTEM32;C:\Windows\WinSxS\amd64_microsoft.windows.common-controls_6595b64144ccf1df_6.0.19041.1110_none_60b5254171f9507e;C:\Program Files\Java\jdk-18.0.1.1\bin\server;C:\Program Files\Java\javafx-sdk-18.0.1\bin;C:\Windows\System32\DriverStore\FileRepository\iigd_dch.inf_amd64_1dc9fc8d5e442f6a

VM Arguments:
jvm_args: --module-path=C:\Program Files\Java\javafx-sdk-18.0.1\lib --add-modules=javafx.controls,javafx.fxml -Dfile.encoding=UTF-8 -XX:+ShowCodeDetailsInExceptionMessages 
java_command: application.Tache
java_class_path (initial): C:\Users\HP\eclipse-workspace\ToDo\target\classes;C:\Program Files\Java\javafx-sdk-18.0.1\lib\javafx.base.jar;C:\Program Files\Java\javafx-sdk-18.0.1\lib\javafx.controls.jar;C:\Program Files\Java\javafx-sdk-18.0.1\lib\javafx.fxml.jar;C:\Program Files\Java\javafx-sdk-18.0.1\lib\javafx.graphics.jar;C:\Program Files\Java\javafx-sdk-18.0.1\lib\javafx.media.jar;C:\Program Files\Java\javafx-sdk-18.0.1\lib\javafx.swing.jar;C:\Program Files\Java\javafx-sdk-18.0.1\lib\javafx.web.jar;C:\Program Files\Java\javafx-sdk-18.0.1\lib\javafx-swt.jar;C:\Users\HP\.m2\repository\org\postgresql\postgresql\42.3.6\postgresql-42.3.6.jar;C:\Users\HP\.m2\repository\org\checkerframework\checker-qual\3.5.0\checker-qual-3.5.0.jar
Launcher Type: SUN_STANDARD

[Global flags]
     intx CICompilerCount                          = 3                                         {product} {ergonomic}
     uint ConcGCThreads                            = 1                                         {product} {ergonomic}
     uint G1ConcRefinementThreads                  = 4                                         {product} {ergonomic}
   size_t G1HeapRegionSize                         = 1048576                                   {product} {ergonomic}
    uintx GCDrainStackTargetSize                   = 64                                        {product} {ergonomic}
   size_t InitialHeapSize                          = 119537664                                 {product} {ergonomic}
   size_t MarkStackSize                            = 4194304                                   {product} {ergonomic}
   size_t MaxHeapSize                              = 1910505472                                {product} {ergonomic}
   size_t MaxNewSize                               = 1146093568                                {product} {ergonomic}
   size_t MinHeapDeltaBytes                        = 1048576                                   {product} {ergonomic}
   size_t MinHeapSize                              = 8388608                                   {product} {ergonomic}
    uintx NonNMethodCodeHeapSize                   = 5832780                                {pd product} {ergonomic}
    uintx NonProfiledCodeHeapSize                  = 122912730                              {pd product} {ergonomic}
    uintx ProfiledCodeHeapSize                     = 122912730                              {pd product} {ergonomic}
    uintx ReservedCodeCacheSize                    = 251658240                              {pd product} {ergonomic}
     bool SegmentedCodeCache                       = true                                      {product} {ergonomic}
     bool ShowCodeDetailsInExceptionMessages       = true                                   {manageable} {command line}
   size_t SoftMaxHeapSize                          = 1910505472                             {manageable} {ergonomic}
     bool UseCompressedClassPointers               = true                           {product lp64_product} {ergonomic}
     bool UseCompressedOops                        = true                           {product lp64_product} {ergonomic}
     bool UseG1GC                                  = true                                      {product} {ergonomic}
     bool UseLargePagesIndividualAllocation        = false                                  {pd product} {ergonomic}

Logging:
Log output configuration:
 #0: stdout all=warning uptime,level,tags foldmultilines=false
 #1: stderr all=off uptime,level,tags foldmultilines=false

Environment Variables:
PATH=C:\Program Files\Common Files\Oracle\Java\javapath;C:\Windows\system32;C:\Windows;C:\Windows\System32\Wbem;C:\Windows\System32\WindowsPowerShell\v1.0\;C:\Windows\System32\OpenSSH\;C:\Program Files\Git\cmd;C:\Users\HP\AppData\Local\Microsoft\WindowsApps;
USERNAME=HP
OS=Windows_NT
PROCESSOR_IDENTIFIER=Intel64 Family 6 Model 78 Stepping 3, GenuineIntel



---------------  S Y S T E M  ---------------

OS:
 Windows 10 , 64 bit Build 19041 (10.0.19041.1706)
OS uptime: 7 days 8:39 hours

CPU: total 4 (initial active 4) (2 cores per cpu, 2 threads per core) family 6 model 78 stepping 3 microcode 0xcc, cx8, cmov, fxsr, ht, mmx, 3dnowpref, sse, sse2, sse3, ssse3, sse4.1, sse4.2, popcnt, lzcnt, tsc, tscinvbit, avx, avx2, aes, erms, clmul, bmi1, bmi2, rtm, adx, fma, vzeroupper, clflush, clflushopt

Memory: 4k page, system-wide physical 7280M (875M free)
TotalPageFile size 29808M (AvailPageFile size 3M)
current process WorkingSet (physical memory assigned to process): 100M, peak: 101M
current process commit charge ("private bytes"): 235M, peak: 236M

vm_info: Java HotSpot(TM) 64-Bit Server VM (18.0.1.1+2-6) for windows-amd64 JRE (18.0.1.1+2-6), built on Apr 25 2022 21:53:15 by "mach5one" with MS VC++ 16.8 / 16.9 (VS2019)

END.
